<?xml version="1.0" encoding="UTF-8"?>
<!-- Generated by org.testng.reporters.JUnitReportReporter -->
<testsuite hostname="HAEI-GDC-025" failures="0" tests="5" name="testcases.TC008_Schedules" time="405.843" errors="0" timestamp="16 Jun 2023 10:05:00 GMT">
  <testcase classname="testcases.TC008_Schedules" name="enableParentToggle" time="61.532"/>
  <testcase classname="testcases.TC008_Schedules" name="scheduleIsDisplayedRemoteSection" time="165.561"/>
  <testcase classname="testcases.TC008_Schedules" name="deleteSchedule" time="47.434"/>
  <testcase classname="testcases.TC008_Schedules" name="updateExistingSchedule" time="63.516"/>
  <testcase classname="testcases.TC008_Schedules" name="createNewSchedule" time="67.800"/>
</testsuite> <!-- testcases.TC008_Schedules -->
