<?xml version="1.0" encoding="UTF-8"?>
<!-- Generated by org.testng.reporters.JUnitReportReporter -->
<testsuite hostname="IND-CHN-LT10158" failures="0" tests="2" name="testcases.TC004_MyVehicles" time="46.804" errors="1" timestamp="2023-07-10T18:53:21 IST" skipped="0">
  <testcase classname="testcases.TC004_MyVehicles" name="myVehiclesPickTheVehicle" time="44.827"/>
  <testcase classname="testcases.TC004_MyVehicles" name="afterMethod" time="1.977">
    <error type="java.lang.StackOverflowError">
      <![CDATA[java.lang.StackOverflowError
at java.base/java.util.Formatter$FormatSpecifier.print(Formatter.java:3083)
at java.base/java.util.Formatter$FormatSpecifier.printString(Formatter.java:3056)
at java.base/java.util.Formatter$FormatSpecifier.print(Formatter.java:2933)
at java.base/java.util.Formatter.format(Formatter.java:2689)
at java.base/java.util.Formatter.format(Formatter.java:2625)
at java.base/java.lang.String.format(String.java:4143)
at org.openqa.selenium.remote.RemoteWebDriver.execute(RemoteWebDriver.java:583)
at org.openqa.selenium.remote.RemoteWebDriver.execute(RemoteWebDriver.java:643)
at org.openqa.selenium.remote.RemoteWebDriver.getScreenshotAs(RemoteWebDriver.java:328)
at wrappers.GenericWrappers.takeSnap(GenericWrappers.java:858)
at utils.Reporter.reportStep(Reporter.java:23)
at utils.Reporter.reportStep(Reporter.java:46)
at wrappers.GenericWrappers.takeSnap(GenericWrappers.java:860)
at utils.Reporter.reportStep(Reporter.java:23)
at utils.Reporter.reportStep(Reporter.java:46)
at wrappers.GenericWrappers.takeSnap(GenericWrappers.java:860)
at utils.Reporter.reportStep(Reporter.java:23)
at utils.Reporter.reportStep(Reporter.java:46)
at wrappers.GenericWrappers.takeSnap(GenericWrappers.java:860)
at utils.Reporter.reportStep(Reporter.java:23)
at utils.Reporter.reportStep(Reporter.java:46)
at wrappers.GenericWrappers.takeSnap(GenericWrappers.java:860)
at utils.Reporter.reportStep(Reporter.java:23)
at utils.Reporter.reportStep(Reporter.java:46)
at wrappers.GenericWrappers.takeSnap(GenericWrappers.java:860)
at utils.Reporter.reportStep(Reporter.java:23)
at utils.Reporter.reportStep(Reporter.java:46)
at wrappers.GenericWrappers.takeSnap(GenericWrappers.java:860)
at utils.Reporter.reportStep(Reporter.java:23)
at utils.Reporter.reportStep(Reporter.java:46)
at wrappers.GenericWrappers.takeSnap(GenericWrappers.java:860)
at utils.Reporter.reportStep(Reporter.java:23)
at utils.Reporter.reportStep(Reporter.java:46)
at wrappers.GenericWrappers.takeSnap(GenericWrappers.java:860)
at utils.Reporter.reportStep(Reporter.java:23)
at utils.Reporter.reportStep(Reporter.java:46)
at wrappers.GenericWrappers.takeSnap(GenericWrappers.java:860)
at utils.Reporter.reportStep(Reporter.java:23)
at utils.Reporter.reportStep(Reporter.java:46)
at wrappers.GenericWrappers.takeSnap(GenericWrappers.java:860)
at utils.Reporter.reportStep(Reporter.java:23)
at utils.Reporter.reportStep(Reporter.java:46)
at wrappers.GenericWrappers.takeSnap(GenericWrappers.java:860)
at utils.Reporter.reportStep(Reporter.java:23)
at utils.Reporter.reportStep(Reporter.java:46)
at wrappers.GenericWrappers.takeSnap(GenericWrappers.java:860)
at utils.Reporter.reportStep(Reporter.java:23)
at utils.Reporter.reportStep(Reporter.java:46)
at wrappers.GenericWrappers.takeSnap(GenericWrappers.java:860)
at utils.Reporter.reportStep(Reporter.java:23)
at utils.Reporter.reportStep(Reporter.java:46)
at wrappers.GenericWrappers.takeSnap(GenericWrappers.java:860)
at utils.Reporter.reportStep(Reporter.java:23)
at utils.Reporter.reportStep(Reporter.java:46)
at wrappers.GenericWrappers.takeSnap(GenericWrappers.java:860)
at utils.Reporter.reportStep(Reporter.java:23)
at utils.Reporter.reportStep(Reporter.java:46)
at wrappers.GenericWrappers.takeSnap(GenericWrappers.java:860)
at utils.Reporter.reportStep(Reporter.java:23)
at utils.Reporter.reportStep(Reporter.java:46)
at wrappers.GenericWrappers.takeSnap(GenericWrappers.java:860)
at utils.Reporter.reportStep(Reporter.java:23)
at utils.Reporter.reportStep(Reporter.java:46)
at wrappers.GenericWrappers.takeSnap(GenericWrappers.java:860)
at utils.Reporter.reportStep(Reporter.java:23)
at utils.Reporter.reportStep(Reporter.java:46)
at wrappers.GenericWrappers.takeSnap(GenericWrappers.java:860)
at utils.Reporter.reportStep(Reporter.java:23)
at utils.Reporter.reportStep(Reporter.java:46)
at wrappers.GenericWrappers.takeSnap(GenericWrappers.java:860)
at utils.Reporter.reportStep(Reporter.java:23)
at utils.Reporter.reportStep(Reporter.java:46)
at wrappers.GenericWrappers.takeSnap(GenericWrappers.java:860)
at utils.Reporter.reportStep(Reporter.java:23)
at utils.Reporter.reportStep(Reporter.java:46)
at wrappers.GenericWrappers.takeSnap(GenericWrappers.java:860)
at utils.Reporter.reportStep(Reporter.java:23)
at utils.Reporter.reportStep(Reporter.java:46)
at wrappers.GenericWrappers.takeSnap(GenericWrappers.java:860)
at utils.Reporter.reportStep(Reporter.java:23)
at utils.Reporter.reportStep(Reporter.java:46)
at wrappers.GenericWrappers.takeSnap(GenericWrappers.java:860)
at utils.Reporter.reportStep(Reporter.java:23)
at utils.Reporter.reportStep(Reporter.java:46)
at wrappers.GenericWrappers.takeSnap(GenericWrappers.java:860)
at utils.Reporter.reportStep(Reporter.java:23)
at utils.Reporter.reportStep(Reporter.java:46)
at wrappers.GenericWrappers.takeSnap(GenericWrappers.java:860)
at utils.Reporter.reportStep(Reporter.java:23)
at utils.Reporter.reportStep(Reporter.java:46)
at wrappers.GenericWrappers.takeSnap(GenericWrappers.java:860)
at utils.Reporter.reportStep(Reporter.java:23)
at utils.Reporter.reportStep(Reporter.java:46)
at wrappers.GenericWrappers.takeSnap(GenericWrappers.java:860)
at utils.Reporter.reportStep(Reporter.java:23)
at utils.Reporter.reportStep(Reporter.java:46)
at wrappers.GenericWrappers.takeSnap(GenericWrappers.java:860)
at utils.Reporter.reportStep(Reporter.java:23)
at utils.Reporter.reportStep(Reporter.java:46)
at wrappers.GenericWrappers.takeSnap(GenericWrappers.java:860)
at utils.Reporter.reportStep(Reporter.java:23)
at utils.Reporter.reportStep(Reporter.java:46)
at wrappers.GenericWrappers.takeSnap(GenericWrappers.java:860)
at utils.Reporter.reportStep(Reporter.java:23)
at utils.Reporter.reportStep(Reporter.java:46)
at wrappers.GenericWrappers.takeSnap(GenericWrappers.java:860)
at utils.Reporter.reportStep(Reporter.java:23)
at utils.Reporter.reportStep(Reporter.java:46)
at wrappers.GenericWrappers.takeSnap(GenericWrappers.java:860)
at utils.Reporter.reportStep(Reporter.java:23)
at utils.Reporter.reportStep(Reporter.java:46)
at wrappers.GenericWrappers.takeSnap(GenericWrappers.java:860)
at utils.Reporter.reportStep(Reporter.java:23)
at utils.Reporter.reportStep(Reporter.java:46)
at wrappers.GenericWrappers.takeSnap(GenericWrappers.java:860)
at utils.Reporter.reportStep(Reporter.java:23)
at utils.Reporter.reportStep(Reporter.java:46)
at wrappers.GenericWrappers.takeSnap(GenericWrappers.java:860)
at utils.Reporter.reportStep(Reporter.java:23)
at utils.Reporter.reportStep(Reporter.java:46)
at wrappers.GenericWrappers.takeSnap(GenericWrappers.java:860)
at utils.Reporter.reportStep(Reporter.java:23)
at utils.Reporter.reportStep(Reporter.java:46)
at wrappers.GenericWrappers.takeSnap(GenericWrappers.java:860)
at utils.Reporter.reportStep(Reporter.java:23)
at utils.Reporter.reportStep(Reporter.java:46)
at wrappers.GenericWrappers.takeSnap(GenericWrappers.java:860)
at utils.Reporter.reportStep(Reporter.java:23)
at utils.Reporter.reportStep(Reporter.java:46)
at wrappers.GenericWrappers.takeSnap(GenericWrappers.java:860)
at utils.Reporter.reportStep(Reporter.java:23)
at utils.Reporter.reportStep(Reporter.java:46)
at wrappers.GenericWrappers.takeSnap(GenericWrappers.java:860)
at utils.Reporter.reportStep(Reporter.java:23)
at utils.Reporter.reportStep(Reporter.java:46)
at wrappers.GenericWrappers.takeSnap(GenericWrappers.java:860)
at utils.Reporter.reportStep(Reporter.java:23)
at utils.Reporter.reportStep(Reporter.java:46)
at wrappers.GenericWrappers.takeSnap(GenericWrappers.java:860)
at utils.Reporter.reportStep(Reporter.java:23)
at utils.Reporter.reportStep(Reporter.java:46)
at wrappers.GenericWrappers.takeSnap(GenericWrappers.java:860)
at utils.Reporter.reportStep(Reporter.java:23)
at utils.Reporter.reportStep(Reporter.java:46)
at wrappers.GenericWrappers.takeSnap(GenericWrappers.java:860)
at utils.Reporter.reportStep(Reporter.java:23)
at utils.Reporter.reportStep(Reporter.java:46)
at wrappers.GenericWrappers.takeSnap(GenericWrappers.java:860)
at utils.Reporter.reportStep(Reporter.java:23)
at utils.Reporter.reportStep(Reporter.java:46)
at wrappers.GenericWrappers.takeSnap(GenericWrappers.java:860)
at utils.Reporter.reportStep(Reporter.java:23)
at utils.Reporter.reportStep(Reporter.java:46)
at wrappers.GenericWrappers.takeSnap(GenericWrappers.java:860)
at utils.Reporter.reportStep(Reporter.java:23)
at utils.Reporter.reportStep(Reporter.java:46)
at wrappers.GenericWrappers.takeSnap(GenericWrappers.java:860)
at utils.Reporter.reportStep(Reporter.java:23)
at utils.Reporter.reportStep(Reporter.java:46)
at wrappers.GenericWrappers.takeSnap(GenericWrappers.java:860)
at utils.Reporter.reportStep(Reporter.java:23)
at utils.Reporter.reportStep(Reporter.java:46)
at wrappers.GenericWrappers.takeSnap(GenericWrappers.java:860)
at utils.Reporter.reportStep(Reporter.java:23)
at utils.Reporter.reportStep(Reporter.java:46)
at wrappers.GenericWrappers.takeSnap(GenericWrappers.java:860)
at utils.Reporter.reportStep(Reporter.java:23)
at utils.Reporter.reportStep(Reporter.java:46)
at wrappers.GenericWrappers.takeSnap(GenericWrappers.java:860)
at utils.Reporter.reportStep(Reporter.java:23)
at utils.Reporter.reportStep(Reporter.java:46)
at wrappers.GenericWrappers.takeSnap(GenericWrappers.java:860)
at utils.Reporter.reportStep(Reporter.java:23)
at utils.Reporter.reportStep(Reporter.java:46)
at wrappers.GenericWrappers.takeSnap(GenericWrappers.java:860)
at utils.Reporter.reportStep(Reporter.java:23)
at utils.Reporter.reportStep(Reporter.java:46)
at wrappers.GenericWrappers.takeSnap(GenericWrappers.java:860)
at utils.Reporter.reportStep(Reporter.java:23)
at utils.Reporter.reportStep(Reporter.java:46)
at wrappers.GenericWrappers.takeSnap(GenericWrappers.java:860)
at utils.Reporter.reportStep(Reporter.java:23)
at utils.Reporter.reportStep(Reporter.java:46)
at wrappers.GenericWrappers.takeSnap(GenericWrappers.java:860)
at utils.Reporter.reportStep(Reporter.java:23)
at utils.Reporter.reportStep(Reporter.java:46)
at wrappers.GenericWrappers.takeSnap(GenericWrappers.java:860)
at utils.Reporter.reportStep(Reporter.java:23)
at utils.Reporter.reportStep(Reporter.java:46)
at wrappers.GenericWrappers.takeSnap(GenericWrappers.java:860)
at utils.Reporter.reportStep(Reporter.java:23)
at utils.Reporter.reportStep(Reporter.java:46)
at wrappers.GenericWrappers.takeSnap(GenericWrappers.java:860)
at utils.Reporter.reportStep(Reporter.java:23)
at utils.Reporter.reportStep(Reporter.java:46)
at wrappers.GenericWrappers.takeSnap(GenericWrappers.java:860)
at utils.Reporter.reportStep(Reporter.java:23)
at utils.Reporter.reportStep(Reporter.java:46)
at wrappers.GenericWrappers.takeSnap(GenericWrappers.java:860)
at utils.Reporter.reportStep(Reporter.java:23)
at utils.Reporter.reportStep(Reporter.java:46)
at wrappers.GenericWrappers.takeSnap(GenericWrappers.java:860)
at utils.Reporter.reportStep(Reporter.java:23)
at utils.Reporter.reportStep(Reporter.java:46)
at wrappers.GenericWrappers.takeSnap(GenericWrappers.java:860)
at utils.Reporter.reportStep(Reporter.java:23)
at utils.Reporter.reportStep(Reporter.java:46)
at wrappers.GenericWrappers.takeSnap(GenericWrappers.java:860)
at utils.Reporter.reportStep(Reporter.java:23)
at utils.Reporter.reportStep(Reporter.java:46)
at wrappers.GenericWrappers.takeSnap(GenericWrappers.java:860)
at utils.Reporter.reportStep(Reporter.java:23)
at utils.Reporter.reportStep(Reporter.java:46)
at wrappers.GenericWrappers.takeSnap(GenericWrappers.java:860)
at utils.Reporter.reportStep(Reporter.java:23)
at utils.Reporter.reportStep(Reporter.java:46)
at wrappers.GenericWrappers.takeSnap(GenericWrappers.java:860)
at utils.Reporter.reportStep(Reporter.java:23)
at utils.Reporter.reportStep(Reporter.java:46)
at wrappers.GenericWrappers.takeSnap(GenericWrappers.java:860)
at utils.Reporter.reportStep(Reporter.java:23)
at utils.Reporter.reportStep(Reporter.java:46)
at wrappers.GenericWrappers.takeSnap(GenericWrappers.java:860)
at utils.Reporter.reportStep(Reporter.java:23)
at utils.Reporter.reportStep(Reporter.java:46)
at wrappers.GenericWrappers.takeSnap(GenericWrappers.java:860)
at utils.Reporter.reportStep(Reporter.java:23)
at utils.Reporter.reportStep(Reporter.java:46)
at wrappers.GenericWrappers.takeSnap(GenericWrappers.java:860)
at utils.Reporter.reportStep(Reporter.java:23)
at utils.Reporter.reportStep(Reporter.java:46)
at wrappers.GenericWrappers.takeSnap(GenericWrappers.java:860)
at utils.Reporter.reportStep(Reporter.java:23)
at utils.Reporter.reportStep(Reporter.java:46)
at wrappers.GenericWrappers.takeSnap(GenericWrappers.java:860)
at utils.Reporter.reportStep(Reporter.java:23)
at utils.Reporter.reportStep(Reporter.java:46)
at wrappers.GenericWrappers.takeSnap(GenericWrappers.java:860)
at utils.Reporter.reportStep(Reporter.java:23)
at utils.Reporter.reportStep(Reporter.java:46)
at wrappers.GenericWrappers.takeSnap(GenericWrappers.java:860)
at utils.Reporter.reportStep(Reporter.java:23)
at utils.Reporter.reportStep(Reporter.java:46)
at wrappers.GenericWrappers.takeSnap(GenericWrappers.java:860)
at utils.Reporter.reportStep(Reporter.java:23)
at utils.Reporter.reportStep(Reporter.java:46)
at wrappers.GenericWrappers.takeSnap(GenericWrappers.java:860)
at utils.Reporter.reportStep(Reporter.java:23)
at utils.Reporter.reportStep(Reporter.java:46)
at wrappers.GenericWrappers.takeSnap(GenericWrappers.java:860)
at utils.Reporter.reportStep(Reporter.java:23)
at utils.Reporter.reportStep(Reporter.java:46)
at wrappers.GenericWrappers.takeSnap(GenericWrappers.java:860)
at utils.Reporter.reportStep(Reporter.java:23)
at utils.Reporter.reportStep(Reporter.java:46)
at wrappers.GenericWrappers.takeSnap(GenericWrappers.java:860)
at utils.Reporter.reportStep(Reporter.java:23)
at utils.Reporter.reportStep(Reporter.java:46)
at wrappers.GenericWrappers.takeSnap(GenericWrappers.java:860)
at utils.Reporter.reportStep(Reporter.java:23)
at utils.Reporter.reportStep(Reporter.java:46)
at wrappers.GenericWrappers.takeSnap(GenericWrappers.java:860)
at utils.Reporter.reportStep(Reporter.java:23)
at utils.Reporter.reportStep(Reporter.java:46)
at wrappers.GenericWrappers.takeSnap(GenericWrappers.java:860)
at utils.Reporter.reportStep(Reporter.java:23)
at utils.Reporter.reportStep(Reporter.java:46)
at wrappers.GenericWrappers.takeSnap(GenericWrappers.java:860)
at utils.Reporter.reportStep(Reporter.java:23)
at utils.Reporter.reportStep(Reporter.java:46)
at wrappers.GenericWrappers.takeSnap(GenericWrappers.java:860)
at utils.Reporter.reportStep(Reporter.java:23)
at utils.Reporter.reportStep(Reporter.java:46)
at wrappers.GenericWrappers.takeSnap(GenericWrappers.java:860)
at utils.Reporter.reportStep(Reporter.java:23)
at utils.Reporter.reportStep(Reporter.java:46)
at wrappers.GenericWrappers.takeSnap(GenericWrappers.java:860)
at utils.Reporter.reportStep(Reporter.java:23)
at utils.Reporter.reportStep(Reporter.java:46)
at wrappers.GenericWrappers.takeSnap(GenericWrappers.java:860)
at utils.Reporter.reportStep(Reporter.java:23)
at utils.Reporter.reportStep(Reporter.java:46)
at wrappers.GenericWrappers.takeSnap(GenericWrappers.java:860)
at utils.Reporter.reportStep(Reporter.java:23)
at utils.Reporter.reportStep(Reporter.java:46)
at wrappers.GenericWrappers.takeSnap(GenericWrappers.java:860)
at utils.Reporter.reportStep(Reporter.java:23)
at utils.Reporter.reportStep(Reporter.java:46)
at wrappers.GenericWrappers.takeSnap(GenericWrappers.java:860)
at utils.Reporter.reportStep(Reporter.java:23)
at utils.Reporter.reportStep(Reporter.java:46)
at wrappers.GenericWrappers.takeSnap(GenericWrappers.java:860)
at utils.Reporter.reportStep(Reporter.java:23)
at utils.Reporter.reportStep(Reporter.java:46)
at wrappers.GenericWrappers.takeSnap(GenericWrappers.java:860)
at utils.Reporter.reportStep(Reporter.java:23)
at utils.Reporter.reportStep(Reporter.java:46)
at wrappers.GenericWrappers.takeSnap(GenericWrappers.java:860)
at utils.Reporter.reportStep(Reporter.java:23)
at utils.Reporter.reportStep(Reporter.java:46)
at wrappers.GenericWrappers.takeSnap(GenericWrappers.java:860)
at utils.Reporter.reportStep(Reporter.java:23)
at utils.Reporter.reportStep(Reporter.java:46)
at wrappers.GenericWrappers.takeSnap(GenericWrappers.java:860)
at utils.Reporter.reportStep(Reporter.java:23)
at utils.Reporter.reportStep(Reporter.java:46)
at wrappers.GenericWrappers.takeSnap(GenericWrappers.java:860)
at utils.Reporter.reportStep(Reporter.java:23)
at utils.Reporter.reportStep(Reporter.java:46)
at wrappers.GenericWrappers.takeSnap(GenericWrappers.java:860)
at utils.Reporter.reportStep(Reporter.java:23)
at utils.Reporter.reportStep(Reporter.java:46)
at wrappers.GenericWrappers.takeSnap(GenericWrappers.java:860)
at utils.Reporter.reportStep(Reporter.java:23)
at utils.Reporter.reportStep(Reporter.java:46)
at wrappers.GenericWrappers.takeSnap(GenericWrappers.java:860)
at utils.Reporter.reportStep(Reporter.java:23)
at utils.Reporter.reportStep(Reporter.java:46)
at wrappers.GenericWrappers.takeSnap(GenericWrappers.java:860)
at utils.Reporter.reportStep(Reporter.java:23)
at utils.Reporter.reportStep(Reporter.java:46)
at wrappers.GenericWrappers.takeSnap(GenericWrappers.java:860)
at utils.Reporter.reportStep(Reporter.java:23)
at utils.Reporter.reportStep(Reporter.java:46)
at wrappers.GenericWrappers.takeSnap(GenericWrappers.java:860)
at utils.Reporter.reportStep(Reporter.java:23)
at utils.Reporter.reportStep(Reporter.java:46)
at wrappers.GenericWrappers.takeSnap(GenericWrappers.java:860)
at utils.Reporter.reportStep(Reporter.java:23)
at utils.Reporter.reportStep(Reporter.java:46)
at wrappers.GenericWrappers.takeSnap(GenericWrappers.java:860)
at utils.Reporter.reportStep(Reporter.java:23)
at utils.Reporter.reportStep(Reporter.java:46)
at wrappers.GenericWrappers.takeSnap(GenericWrappers.java:860)
at utils.Reporter.reportStep(Reporter.java:23)
at utils.Reporter.reportStep(Reporter.java:46)
at wrappers.GenericWrappers.takeSnap(GenericWrappers.java:860)
at utils.Reporter.reportStep(Reporter.java:23)
at utils.Reporter.reportStep(Reporter.java:46)
at wrappers.GenericWrappers.takeSnap(GenericWrappers.java:860)
at utils.Reporter.reportStep(Reporter.java:23)
at utils.Reporter.reportStep(Reporter.java:46)
at wrappers.GenericWrappers.takeSnap(GenericWrappers.java:860)
at utils.Reporter.reportStep(Reporter.java:23)
at utils.Reporter.reportStep(Reporter.java:46)
at wrappers.GenericWrappers.takeSnap(GenericWrappers.java:860)
at utils.Reporter.reportStep(Reporter.java:23)
at utils.Reporter.reportStep(Reporter.java:46)
at wrappers.GenericWrappers.takeSnap(GenericWrappers.java:860)
at utils.Reporter.reportStep(Reporter.java:23)
at utils.Reporter.reportStep(Reporter.java:46)
at wrappers.GenericWrappers.takeSnap(GenericWrappers.java:860)
at utils.Reporter.reportStep(Reporter.java:23)
at utils.Reporter.reportStep(Reporter.java:46)
at wrappers.GenericWrappers.takeSnap(GenericWrappers.java:860)
at utils.Reporter.reportStep(Reporter.java:23)
at utils.Reporter.reportStep(Reporter.java:46)
at wrappers.GenericWrappers.takeSnap(GenericWrappers.java:860)
at utils.Reporter.reportStep(Reporter.java:23)
at utils.Reporter.reportStep(Reporter.java:46)
at wrappers.GenericWrappers.takeSnap(GenericWrappers.java:860)
at utils.Reporter.reportStep(Reporter.java:23)
at utils.Reporter.reportStep(Reporter.java:46)
at wrappers.GenericWrappers.takeSnap(GenericWrappers.java:860)
at utils.Reporter.reportStep(Reporter.java:23)
at utils.Reporter.reportStep(Reporter.java:46)
at wrappers.GenericWrappers.takeSnap(GenericWrappers.java:860)
at utils.Reporter.reportStep(Reporter.java:23)
at utils.Reporter.reportStep(Reporter.java:46)
at wrappers.GenericWrappers.takeSnap(GenericWrappers.java:860)
at utils.Reporter.reportStep(Reporter.java:23)
at utils.Reporter.reportStep(Reporter.java:46)
at wrappers.GenericWrappers.takeSnap(GenericWrappers.java:860)
at utils.Reporter.reportStep(Reporter.java:23)
at utils.Reporter.reportStep(Reporter.java:46)
at wrappers.GenericWrappers.takeSnap(GenericWrappers.java:860)
at utils.Reporter.reportStep(Reporter.java:23)
at utils.Reporter.reportStep(Reporter.java:46)
at wrappers.GenericWrappers.takeSnap(GenericWrappers.java:860)
at utils.Reporter.reportStep(Reporter.java:23)
at utils.Reporter.reportStep(Reporter.java:46)
at wrappers.GenericWrappers.takeSnap(GenericWrappers.java:860)
at utils.Reporter.reportStep(Reporter.java:23)
at utils.Reporter.reportStep(Reporter.java:46)
at wrappers.GenericWrappers.takeSnap(GenericWrappers.java:860)
at utils.Reporter.reportStep(Reporter.java:23)
at utils.Reporter.reportStep(Reporter.java:46)
at wrappers.GenericWrappers.takeSnap(GenericWrappers.java:860)
at utils.Reporter.reportStep(Reporter.java:23)
at utils.Reporter.reportStep(Reporter.java:46)
at wrappers.GenericWrappers.takeSnap(GenericWrappers.java:860)
at utils.Reporter.reportStep(Reporter.java:23)
at utils.Reporter.reportStep(Reporter.java:46)
at wrappers.GenericWrappers.takeSnap(GenericWrappers.java:860)
at utils.Reporter.reportStep(Reporter.java:23)
at utils.Reporter.reportStep(Reporter.java:46)
at wrappers.GenericWrappers.takeSnap(GenericWrappers.java:860)
at utils.Reporter.reportStep(Reporter.java:23)
at utils.Reporter.reportStep(Reporter.java:46)
at wrappers.GenericWrappers.takeSnap(GenericWrappers.java:860)
at utils.Reporter.reportStep(Reporter.java:23)
at utils.Reporter.reportStep(Reporter.java:46)
at wrappers.GenericWrappers.takeSnap(GenericWrappers.java:860)
at utils.Reporter.reportStep(Reporter.java:23)
at utils.Reporter.reportStep(Reporter.java:46)
at wrappers.GenericWrappers.takeSnap(GenericWrappers.java:860)
at utils.Reporter.reportStep(Reporter.java:23)
at utils.Reporter.reportStep(Reporter.java:46)
at wrappers.GenericWrappers.takeSnap(GenericWrappers.java:860)
at utils.Reporter.reportStep(Reporter.java:23)
at utils.Reporter.reportStep(Reporter.java:46)
at wrappers.GenericWrappers.takeSnap(GenericWrappers.java:860)
at utils.Reporter.reportStep(Reporter.java:23)
at utils.Reporter.reportStep(Reporter.java:46)
at wrappers.GenericWrappers.takeSnap(GenericWrappers.java:860)
at utils.Reporter.reportStep(Reporter.java:23)
at utils.Reporter.reportStep(Reporter.java:46)
at wrappers.GenericWrappers.takeSnap(GenericWrappers.java:860)
at utils.Reporter.reportStep(Reporter.java:23)
at utils.Reporter.reportStep(Reporter.java:46)
at wrappers.GenericWrappers.takeSnap(GenericWrappers.java:860)
at utils.Reporter.reportStep(Reporter.java:23)
at utils.Reporter.reportStep(Reporter.java:46)
at wrappers.GenericWrappers.takeSnap(GenericWrappers.java:860)
at utils.Reporter.reportStep(Reporter.java:23)
at utils.Reporter.reportStep(Reporter.java:46)
at wrappers.GenericWrappers.takeSnap(GenericWrappers.java:860)
at utils.Reporter.reportStep(Reporter.java:23)
at utils.Reporter.reportStep(Reporter.java:46)
at wrappers.GenericWrappers.takeSnap(GenericWrappers.java:860)
at utils.Reporter.reportStep(Reporter.java:23)
at utils.Reporter.reportStep(Reporter.java:46)
at wrappers.GenericWrappers.takeSnap(GenericWrappers.java:860)
at utils.Reporter.reportStep(Reporter.java:23)
at utils.Reporter.reportStep(Reporter.java:46)
at wrappers.GenericWrappers.takeSnap(GenericWrappers.java:860)
at utils.Reporter.reportStep(Reporter.java:23)
at utils.Reporter.reportStep(Reporter.java:46)
at wrappers.GenericWrappers.takeSnap(GenericWrappers.java:860)
at utils.Reporter.reportStep(Reporter.java:23)
at utils.Reporter.reportStep(Reporter.java:46)
at wrappers.GenericWrappers.takeSnap(GenericWrappers.java:860)
at utils.Reporter.reportStep(Reporter.java:23)
at utils.Reporter.reportStep(Reporter.java:46)
at wrappers.GenericWrappers.takeSnap(GenericWrappers.java:860)
at utils.Reporter.reportStep(Reporter.java:23)
at utils.Reporter.reportStep(Reporter.java:46)
at wrappers.GenericWrappers.takeSnap(GenericWrappers.java:860)
at utils.Reporter.reportStep(Reporter.java:23)
at utils.Reporter.reportStep(Reporter.java:46)
at wrappers.GenericWrappers.takeSnap(GenericWrappers.java:860)
at utils.Reporter.reportStep(Reporter.java:23)
at utils.Reporter.reportStep(Reporter.java:46)
at wrappers.GenericWrappers.takeSnap(GenericWrappers.java:860)
at utils.Reporter.reportStep(Reporter.java:23)
at utils.Reporter.reportStep(Reporter.java:46)
at wrappers.GenericWrappers.takeSnap(GenericWrappers.java:860)
at utils.Reporter.reportStep(Reporter.java:23)
at utils.Reporter.reportStep(Reporter.java:46)
at wrappers.GenericWrappers.takeSnap(GenericWrappers.java:860)
at utils.Reporter.reportStep(Reporter.java:23)
at utils.Reporter.reportStep(Reporter.java:46)
at wrappers.GenericWrappers.takeSnap(GenericWrappers.java:860)
at utils.Reporter.reportStep(Reporter.java:23)
at utils.Reporter.reportStep(Reporter.java:46)
at wrappers.GenericWrappers.takeSnap(GenericWrappers.java:860)
at utils.Reporter.reportStep(Reporter.java:23)
at utils.Reporter.reportStep(Reporter.java:46)
at wrappers.GenericWrappers.takeSnap(GenericWrappers.java:860)
at utils.Reporter.reportStep(Reporter.java:23)
at utils.Reporter.reportStep(Reporter.java:46)
at wrappers.GenericWrappers.takeSnap(GenericWrappers.java:860)
at utils.Reporter.reportStep(Reporter.java:23)
at utils.Reporter.reportStep(Reporter.java:46)
at wrappers.GenericWrappers.takeSnap(GenericWrappers.java:860)
at utils.Reporter.reportStep(Reporter.java:23)
at utils.Reporter.reportStep(Reporter.java:46)
at wrappers.GenericWrappers.takeSnap(GenericWrappers.java:860)
at utils.Reporter.reportStep(Reporter.java:23)
at utils.Reporter.reportStep(Reporter.java:46)
at wrappers.GenericWrappers.takeSnap(GenericWrappers.java:860)
at utils.Reporter.reportStep(Reporter.java:23)
at utils.Reporter.reportStep(Reporter.java:46)
at wrappers.GenericWrappers.takeSnap(GenericWrappers.java:860)
at utils.Reporter.reportStep(Reporter.java:23)
at utils.Reporter.reportStep(Reporter.java:46)
at wrappers.GenericWrappers.takeSnap(GenericWrappers.java:860)
at utils.Reporter.reportStep(Reporter.java:23)
at utils.Reporter.reportStep(Reporter.java:46)
at wrappers.GenericWrappers.takeSnap(GenericWrappers.java:860)
at utils.Reporter.reportStep(Reporter.java:23)
at utils.Reporter.reportStep(Reporter.java:46)
at wrappers.GenericWrappers.takeSnap(GenericWrappers.java:860)
at utils.Reporter.reportStep(Reporter.java:23)
at utils.Reporter.reportStep(Reporter.java:46)
at wrappers.GenericWrappers.takeSnap(GenericWrappers.java:860)
at utils.Reporter.reportStep(Reporter.java:23)
at utils.Reporter.reportStep(Reporter.java:46)
at wrappers.GenericWrappers.takeSnap(GenericWrappers.java:860)
at utils.Reporter.reportStep(Reporter.java:23)
at utils.Reporter.reportStep(Reporter.java:46)
at wrappers.GenericWrappers.takeSnap(GenericWrappers.java:860)
at utils.Reporter.reportStep(Reporter.java:23)
at utils.Reporter.reportStep(Reporter.java:46)
at wrappers.GenericWrappers.takeSnap(GenericWrappers.java:860)
at utils.Reporter.reportStep(Reporter.java:23)
at utils.Reporter.reportStep(Reporter.java:46)
at wrappers.GenericWrappers.takeSnap(GenericWrappers.java:860)
at utils.Reporter.reportStep(Reporter.java:23)
at utils.Reporter.reportStep(Reporter.java:46)
at wrappers.GenericWrappers.takeSnap(GenericWrappers.java:860)
at utils.Reporter.reportStep(Reporter.java:23)
at utils.Reporter.reportStep(Reporter.java:46)
at wrappers.GenericWrappers.takeSnap(GenericWrappers.java:860)
at utils.Reporter.reportStep(Reporter.java:23)
at utils.Reporter.reportStep(Reporter.java:46)
at wrappers.GenericWrappers.takeSnap(GenericWrappers.java:860)
at utils.Reporter.reportStep(Reporter.java:23)
at utils.Reporter.reportStep(Reporter.java:46)
at wrappers.GenericWrappers.takeSnap(GenericWrappers.java:860)
at utils.Reporter.reportStep(Reporter.java:23)
at utils.Reporter.reportStep(Reporter.java:46)
at wrappers.GenericWrappers.takeSnap(GenericWrappers.java:860)
at utils.Reporter.reportStep(Reporter.java:23)
at utils.Reporter.reportStep(Reporter.java:46)
at wrappers.GenericWrappers.takeSnap(GenericWrappers.java:860)
at utils.Reporter.reportStep(Reporter.java:23)
at utils.Reporter.reportStep(Reporter.java:46)
at wrappers.GenericWrappers.takeSnap(GenericWrappers.java:860)
at utils.Reporter.reportStep(Reporter.java:23)
at utils.Reporter.reportStep(Reporter.java:46)
at wrappers.GenericWrappers.takeSnap(GenericWrappers.java:860)
at utils.Reporter.reportStep(Reporter.java:23)
at utils.Reporter.reportStep(Reporter.java:46)
at wrappers.GenericWrappers.takeSnap(GenericWrappers.java:860)
at utils.Reporter.reportStep(Reporter.java:23)
at utils.Reporter.reportStep(Reporter.java:46)
at wrappers.GenericWrappers.takeSnap(GenericWrappers.java:860)
at utils.Reporter.reportStep(Reporter.java:23)
at utils.Reporter.reportStep(Reporter.java:46)
at wrappers.GenericWrappers.takeSnap(GenericWrappers.java:860)
at utils.Reporter.reportStep(Reporter.java:23)
at utils.Reporter.reportStep(Reporter.java:46)
at wrappers.GenericWrappers.takeSnap(GenericWrappers.java:860)
at utils.Reporter.reportStep(Reporter.java:23)
at utils.Reporter.reportStep(Reporter.java:46)
at wrappers.GenericWrappers.takeSnap(GenericWrappers.java:860)
at utils.Reporter.reportStep(Reporter.java:23)
at utils.Reporter.reportStep(Reporter.java:46)
at wrappers.GenericWrappers.takeSnap(GenericWrappers.java:860)
at utils.Reporter.reportStep(Reporter.java:23)
at utils.Reporter.reportStep(Reporter.java:46)
at wrappers.GenericWrappers.takeSnap(GenericWrappers.java:860)
at utils.Reporter.reportStep(Reporter.java:23)
at utils.Reporter.reportStep(Reporter.java:46)
at wrappers.GenericWrappers.takeSnap(GenericWrappers.java:860)
at utils.Reporter.reportStep(Reporter.java:23)
at utils.Reporter.reportStep(Reporter.java:46)
at wrappers.GenericWrappers.takeSnap(GenericWrappers.java:860)
at utils.Reporter.reportStep(Reporter.java:23)
at utils.Reporter.reportStep(Reporter.java:46)
at wrappers.GenericWrappers.takeSnap(GenericWrappers.java:860)
at utils.Reporter.reportStep(Reporter.java:23)
at utils.Reporter.reportStep(Reporter.java:46)
at wrappers.GenericWrappers.takeSnap(GenericWrappers.java:860)
at utils.Reporter.reportStep(Reporter.java:23)
at utils.Reporter.reportStep(Reporter.java:46)
at wrappers.GenericWrappers.takeSnap(GenericWrappers.java:860)
at utils.Reporter.reportStep(Reporter.java:23)
at utils.Reporter.reportStep(Reporter.java:46)
at wrappers.GenericWrappers.takeSnap(GenericWrappers.java:860)
at utils.Reporter.reportStep(Reporter.java:23)
at utils.Reporter.reportStep(Reporter.java:46)
at wrappers.GenericWrappers.takeSnap(GenericWrappers.java:860)
at utils.Reporter.reportStep(Reporter.java:23)
at utils.Reporter.reportStep(Reporter.java:46)
at wrappers.GenericWrappers.takeSnap(GenericWrappers.java:860)
at utils.Reporter.reportStep(Reporter.java:23)
at utils.Reporter.reportStep(Reporter.java:46)
at wrappers.GenericWrappers.takeSnap(GenericWrappers.java:860)
at utils.Reporter.reportStep(Reporter.java:23)
at utils.Reporter.reportStep(Reporter.java:46)
at wrappers.GenericWrappers.takeSnap(GenericWrappers.java:860)
at utils.Reporter.reportStep(Reporter.java:23)
at utils.Reporter.reportStep(Reporter.java:46)
at wrappers.GenericWrappers.takeSnap(GenericWrappers.java:860)
at utils.Reporter.reportStep(Reporter.java:23)
at utils.Reporter.reportStep(Reporter.java:46)
at wrappers.GenericWrappers.takeSnap(GenericWrappers.java:860)
at utils.Reporter.reportStep(Reporter.java:23)
at utils.Reporter.reportStep(Reporter.java:46)
at wrappers.GenericWrappers.takeSnap(GenericWrappers.java:860)
at utils.Reporter.reportStep(Reporter.java:23)
at utils.Reporter.reportStep(Reporter.java:46)
at wrappers.GenericWrappers.takeSnap(GenericWrappers.java:860)
at utils.Reporter.reportStep(Reporter.java:23)
at utils.Reporter.reportStep(Reporter.java:46)
at wrappers.GenericWrappers.takeSnap(GenericWrappers.java:860)
at utils.Reporter.reportStep(Reporter.java:23)
at utils.Reporter.reportStep(Reporter.java:46)
at wrappers.GenericWrappers.takeSnap(GenericWrappers.java:860)
at utils.Reporter.reportStep(Reporter.java:23)
at utils.Reporter.reportStep(Reporter.java:46)
at wrappers.GenericWrappers.takeSnap(GenericWrappers.java:860)
at utils.Reporter.reportStep(Reporter.java:23)
at utils.Reporter.reportStep(Reporter.java:46)
at wrappers.GenericWrappers.takeSnap(GenericWrappers.java:860)
at utils.Reporter.reportStep(Reporter.java:23)
at utils.Reporter.reportStep(Reporter.java:46)
at wrappers.GenericWrappers.takeSnap(GenericWrappers.java:860)
at utils.Reporter.reportStep(Reporter.java:23)
at utils.Reporter.reportStep(Reporter.java:46)
at wrappers.GenericWrappers.takeSnap(GenericWrappers.java:860)
at utils.Reporter.reportStep(Reporter.java:23)
at utils.Reporter.reportStep(Reporter.java:46)
at wrappers.GenericWrappers.takeSnap(GenericWrappers.java:860)
at utils.Reporter.reportStep(Reporter.java:23)
at utils.Reporter.reportStep(Reporter.java:46)
at wrappers.GenericWrappers.takeSnap(GenericWrappers.java:860)
at utils.Reporter.reportStep(Reporter.java:23)
at utils.Reporter.reportStep(Reporter.java:46)
at wrappers.GenericWrappers.takeSnap(GenericWrappers.java:860)
at utils.Reporter.reportStep(Reporter.java:23)
at utils.Reporter.reportStep(Reporter.java:46)
at wrappers.GenericWrappers.takeSnap(GenericWrappers.java:860)
at utils.Reporter.reportStep(Reporter.java:23)
at utils.Reporter.reportStep(Reporter.java:46)
at wrappers.GenericWrappers.takeSnap(GenericWrappers.java:860)
at utils.Reporter.reportStep(Reporter.java:23)
at utils.Reporter.reportStep(Reporter.java:46)
at wrappers.GenericWrappers.takeSnap(GenericWrappers.java:860)
at utils.Reporter.reportStep(Reporter.java:23)
at utils.Reporter.reportStep(Reporter.java:46)
at wrappers.GenericWrappers.takeSnap(GenericWrappers.java:860)
at utils.Reporter.reportStep(Reporter.java:23)
at utils.Reporter.reportStep(Reporter.java:46)
at wrappers.GenericWrappers.takeSnap(GenericWrappers.java:860)
at utils.Reporter.reportStep(Reporter.java:23)
at utils.Reporter.reportStep(Reporter.java:46)
at wrappers.GenericWrappers.takeSnap(GenericWrappers.java:860)
at utils.Reporter.reportStep(Reporter.java:23)
at utils.Reporter.reportStep(Reporter.java:46)
at wrappers.GenericWrappers.takeSnap(GenericWrappers.java:860)
at utils.Reporter.reportStep(Reporter.java:23)
at utils.Reporter.reportStep(Reporter.java:46)
at wrappers.GenericWrappers.takeSnap(GenericWrappers.java:860)
at utils.Reporter.reportStep(Reporter.java:23)
at utils.Reporter.reportStep(Reporter.java:46)
at wrappers.GenericWrappers.takeSnap(GenericWrappers.java:860)
at utils.Reporter.reportStep(Reporter.java:23)
at utils.Reporter.reportStep(Reporter.java:46)
at wrappers.GenericWrappers.takeSnap(GenericWrappers.java:860)
at utils.Reporter.reportStep(Reporter.java:23)
at utils.Reporter.reportStep(Reporter.java:46)
at wrappers.GenericWrappers.takeSnap(GenericWrappers.java:860)
at utils.Reporter.reportStep(Reporter.java:23)
at utils.Reporter.reportStep(Reporter.java:46)
at wrappers.GenericWrappers.takeSnap(GenericWrappers.java:860)
at utils.Reporter.reportStep(Reporter.java:23)
at utils.Reporter.reportStep(Reporter.java:46)
at wrappers.GenericWrappers.takeSnap(GenericWrappers.java:860)
at utils.Reporter.reportStep(Reporter.java:23)
at utils.Reporter.reportStep(Reporter.java:46)
at wrappers.GenericWrappers.takeSnap(GenericWrappers.java:860)
at utils.Reporter.reportStep(Reporter.java:23)
at utils.Reporter.reportStep(Reporter.java:46)
at wrappers.GenericWrappers.takeSnap(GenericWrappers.java:860)
at utils.Reporter.reportStep(Reporter.java:23)
at utils.Reporter.reportStep(Reporter.java:46)
at wrappers.GenericWrappers.takeSnap(GenericWrappers.java:860)
at utils.Reporter.reportStep(Reporter.java:23)
at utils.Reporter.reportStep(Reporter.java:46)
at wrappers.GenericWrappers.takeSnap(GenericWrappers.java:860)
at utils.Reporter.reportStep(Reporter.java:23)
at utils.Reporter.reportStep(Reporter.java:46)
at wrappers.GenericWrappers.takeSnap(GenericWrappers.java:860)
at utils.Reporter.reportStep(Reporter.java:23)
at utils.Reporter.reportStep(Reporter.java:46)
at wrappers.GenericWrappers.takeSnap(GenericWrappers.java:860)
at utils.Reporter.reportStep(Reporter.java:23)
at utils.Reporter.reportStep(Reporter.java:46)
at wrappers.GenericWrappers.takeSnap(GenericWrappers.java:860)
at utils.Reporter.reportStep(Reporter.java:23)
at utils.Reporter.reportStep(Reporter.java:46)
at wrappers.GenericWrappers.takeSnap(GenericWrappers.java:860)
at utils.Reporter.reportStep(Reporter.java:23)
at utils.Reporter.reportStep(Reporter.java:46)
at wrappers.GenericWrappers.takeSnap(GenericWrappers.java:860)
at utils.Reporter.reportStep(Reporter.java:23)
at utils.Reporter.reportStep(Reporter.java:46)
at wrappers.GenericWrappers.takeSnap(GenericWrappers.java:860)
at utils.Reporter.reportStep(Reporter.java:23)
at utils.Reporter.reportStep(Reporter.java:46)
at wrappers.GenericWrappers.takeSnap(GenericWrappers.java:860)
at utils.Reporter.reportStep(Reporter.java:23)
at utils.Reporter.reportStep(Reporter.java:46)
at wrappers.GenericWrappers.takeSnap(GenericWrappers.java:860)
at utils.Reporter.reportStep(Reporter.java:23)
at utils.Reporter.reportStep(Reporter.java:46)
at wrappers.GenericWrappers.takeSnap(GenericWrappers.java:860)
at utils.Reporter.reportStep(Reporter.java:23)
at utils.Reporter.reportStep(Reporter.java:46)
at wrappers.GenericWrappers.takeSnap(GenericWrappers.java:860)
at utils.Reporter.reportStep(Reporter.java:23)
at utils.Reporter.reportStep(Reporter.java:46)
at wrappers.GenericWrappers.takeSnap(GenericWrappers.java:860)
at utils.Reporter.reportStep(Reporter.java:23)
at utils.Reporter.reportStep(Reporter.java:46)
at wrappers.GenericWrappers.takeSnap(GenericWrappers.java:860)
at utils.Reporter.reportStep(Reporter.java:23)
at utils.Reporter.reportStep(Reporter.java:46)
at wrappers.GenericWrappers.takeSnap(GenericWrappers.java:860)
at utils.Reporter.reportStep(Reporter.java:23)
at utils.Reporter.reportStep(Reporter.java:46)
at wrappers.GenericWrappers.takeSnap(GenericWrappers.java:860)
at utils.Reporter.reportStep(Reporter.java:23)
at utils.Reporter.reportStep(Reporter.java:46)
at wrappers.GenericWrappers.takeSnap(GenericWrappers.java:860)
at utils.Reporter.reportStep(Reporter.java:23)
at utils.Reporter.reportStep(Reporter.java:46)
at wrappers.GenericWrappers.takeSnap(GenericWrappers.java:860)
at utils.Reporter.reportStep(Reporter.java:23)
at utils.Reporter.reportStep(Reporter.java:46)
at wrappers.GenericWrappers.takeSnap(GenericWrappers.java:860)
at utils.Reporter.reportStep(Reporter.java:23)
at utils.Reporter.reportStep(Reporter.java:46)
at wrappers.GenericWrappers.takeSnap(GenericWrappers.java:860)
at utils.Reporter.reportStep(Reporter.java:23)
at utils.Reporter.reportStep(Reporter.java:46)
at wrappers.GenericWrappers.takeSnap(GenericWrappers.java:860)
at utils.Reporter.reportStep(Reporter.java:23)
at utils.Reporter.reportStep(Reporter.java:46)
at wrappers.GenericWrappers.takeSnap(GenericWrappers.java:860)
at utils.Reporter.reportStep(Reporter.java:23)
at utils.Reporter.reportStep(Reporter.java:46)
at wrappers.GenericWrappers.takeSnap(GenericWrappers.java:860)
at utils.Reporter.reportStep(Reporter.java:23)
at utils.Reporter.reportStep(Reporter.java:46)
at wrappers.GenericWrappers.takeSnap(GenericWrappers.java:860)
at utils.Reporter.reportStep(Reporter.java:23)
at utils.Reporter.reportStep(Reporter.java:46)
at wrappers.GenericWrappers.takeSnap(GenericWrappers.java:860)
at utils.Reporter.reportStep(Reporter.java:23)
at utils.Reporter.reportStep(Reporter.java:46)
at wrappers.GenericWrappers.takeSnap(GenericWrappers.java:860)
at utils.Reporter.reportStep(Reporter.java:23)
at utils.Reporter.reportStep(Reporter.java:46)
at wrappers.GenericWrappers.takeSnap(GenericWrappers.java:860)
at utils.Reporter.reportStep(Reporter.java:23)
at utils.Reporter.reportStep(Reporter.java:46)
at wrappers.GenericWrappers.takeSnap(GenericWrappers.java:860)
at utils.Reporter.reportStep(Reporter.java:23)
at utils.Reporter.reportStep(Reporter.java:46)
at wrappers.GenericWrappers.takeSnap(GenericWrappers.java:860)
at utils.Reporter.reportStep(Reporter.java:23)
at utils.Reporter.reportStep(Reporter.java:46)
at wrappers.GenericWrappers.takeSnap(GenericWrappers.java:860)
at utils.Reporter.reportStep(Reporter.java:23)
at utils.Reporter.reportStep(Reporter.java:46)
at wrappers.GenericWrappers.takeSnap(GenericWrappers.java:860)
at utils.Reporter.reportStep(Reporter.java:23)
at utils.Reporter.reportStep(Reporter.java:46)
at wrappers.GenericWrappers.takeSnap(GenericWrappers.java:860)
at utils.Reporter.reportStep(Reporter.java:23)
at utils.Reporter.reportStep(Reporter.java:46)
at wrappers.GenericWrappers.takeSnap(GenericWrappers.java:860)
at utils.Reporter.reportStep(Reporter.java:23)
at utils.Reporter.reportStep(Reporter.java:46)
at wrappers.GenericWrappers.takeSnap(GenericWrappers.java:860)
at utils.Reporter.reportStep(Reporter.java:23)
at utils.Reporter.reportStep(Reporter.java:46)
at wrappers.GenericWrappers.takeSnap(GenericWrappers.java:860)
at utils.Reporter.reportStep(Reporter.java:23)
at utils.Reporter.reportStep(Reporter.java:46)
at wrappers.GenericWrappers.takeSnap(GenericWrappers.java:860)
at utils.Reporter.reportStep(Reporter.java:23)
at utils.Reporter.reportStep(Reporter.java:46)
at wrappers.GenericWrappers.takeSnap(GenericWrappers.java:860)
at utils.Reporter.reportStep(Reporter.java:23)
at utils.Reporter.reportStep(Reporter.java:46)
at wrappers.GenericWrappers.takeSnap(GenericWrappers.java:860)
at utils.Reporter.reportStep(Reporter.java:23)
at utils.Reporter.reportStep(Reporter.java:46)
at wrappers.GenericWrappers.takeSnap(GenericWrappers.java:860)
at utils.Reporter.reportStep(Reporter.java:23)
at utils.Reporter.reportStep(Reporter.java:46)
at wrappers.GenericWrappers.takeSnap(GenericWrappers.java:860)
at utils.Reporter.reportStep(Reporter.java:23)
at utils.Reporter.reportStep(Reporter.java:46)
at wrappers.GenericWrappers.takeSnap(GenericWrappers.java:860)
at utils.Reporter.reportStep(Reporter.java:23)
at utils.Reporter.reportStep(Reporter.java:46)
at wrappers.GenericWrappers.takeSnap(GenericWrappers.java:860)
at utils.Reporter.reportStep(Reporter.java:23)
at utils.Reporter.reportStep(Reporter.java:46)
at wrappers.GenericWrappers.takeSnap(GenericWrappers.java:860)
at utils.Reporter.reportStep(Reporter.java:23)
at utils.Reporter.reportStep(Reporter.java:46)
at wrappers.GenericWrappers.takeSnap(GenericWrappers.java:860)
at utils.Reporter.reportStep(Reporter.java:23)
at utils.Reporter.reportStep(Reporter.java:46)
at wrappers.GenericWrappers.takeSnap(GenericWrappers.java:860)
at utils.Reporter.reportStep(Reporter.java:23)
at utils.Reporter.reportStep(Reporter.java:46)
at wrappers.GenericWrappers.takeSnap(GenericWrappers.java:860)
at utils.Reporter.reportStep(Reporter.java:23)
at utils.Reporter.reportStep(Reporter.java:46)
at wrappers.GenericWrappers.takeSnap(GenericWrappers.java:860)
at utils.Reporter.reportStep(Reporter.java:23)
at utils.Reporter.reportStep(Reporter.java:46)
at wrappers.GenericWrappers.takeSnap(GenericWrappers.java:860)
at utils.Reporter.reportStep(Reporter.java:23)
at utils.Reporter.reportStep(Reporter.java:46)
at wrappers.GenericWrappers.takeSnap(GenericWrappers.java:860)
at utils.Reporter.reportStep(Reporter.java:23)
at utils.Reporter.reportStep(Reporter.java:46)
at wrappers.GenericWrappers.takeSnap(GenericWrappers.java:860)
at utils.Reporter.reportStep(Reporter.java:23)
at utils.Reporter.reportStep(Reporter.java:46)
at wrappers.GenericWrappers.takeSnap(GenericWrappers.java:860)
at utils.Reporter.reportStep(Reporter.java:23)
at utils.Reporter.reportStep(Reporter.java:46)
at wrappers.GenericWrappers.takeSnap(GenericWrappers.java:860)
at utils.Reporter.reportStep(Reporter.java:23)
at utils.Reporter.reportStep(Reporter.java:46)
at wrappers.GenericWrappers.takeSnap(GenericWrappers.java:860)
at utils.Reporter.reportStep(Reporter.java:23)
at utils.Reporter.reportStep(Reporter.java:46)
at wrappers.GenericWrappers.takeSnap(GenericWrappers.java:860)
at utils.Reporter.reportStep(Reporter.java:23)
at utils.Reporter.reportStep(Reporter.java:46)
at wrappers.GenericWrappers.takeSnap(GenericWrappers.java:860)
at utils.Reporter.reportStep(Reporter.java:23)
at utils.Reporter.reportStep(Reporter.java:46)
at wrappers.GenericWrappers.takeSnap(GenericWrappers.java:860)
at utils.Reporter.reportStep(Reporter.java:23)
at utils.Reporter.reportStep(Reporter.java:46)
at wrappers.GenericWrappers.takeSnap(GenericWrappers.java:860)
at utils.Reporter.reportStep(Reporter.java:23)
at utils.Reporter.reportStep(Reporter.java:46)
at wrappers.GenericWrappers.takeSnap(GenericWrappers.java:860)
at utils.Reporter.reportStep(Reporter.java:23)
at utils.Reporter.reportStep(Reporter.java:46)
at wrappers.GenericWrappers.takeSnap(GenericWrappers.java:860)
at utils.Reporter.reportStep(Reporter.java:23)
at utils.Reporter.reportStep(Reporter.java:46)
at wrappers.GenericWrappers.takeSnap(GenericWrappers.java:860)
at utils.Reporter.reportStep(Reporter.java:23)
at utils.Reporter.reportStep(Reporter.java:46)
at wrappers.GenericWrappers.takeSnap(GenericWrappers.java:860)
at utils.Reporter.reportStep(Reporter.java:23)
at utils.Reporter.reportStep(Reporter.java:46)
at wrappers.GenericWrappers.takeSnap(GenericWrappers.java:860)
at utils.Reporter.reportStep(Reporter.java:23)
at utils.Reporter.reportStep(Reporter.java:46)
at wrappers.GenericWrappers.takeSnap(GenericWrappers.java:860)
at utils.Reporter.reportStep(Reporter.java:23)
at utils.Reporter.reportStep(Reporter.java:46)
at wrappers.GenericWrappers.takeSnap(GenericWrappers.java:860)
at utils.Reporter.reportStep(Reporter.java:23)
at utils.Reporter.reportStep(Reporter.java:46)
at wrappers.GenericWrappers.takeSnap(GenericWrappers.java:860)
at utils.Reporter.reportStep(Reporter.java:23)
at utils.Reporter.reportStep(Reporter.java:46)
at wrappers.GenericWrappers.takeSnap(GenericWrappers.java:860)
at utils.Reporter.reportStep(Reporter.java:23)
at utils.Reporter.reportStep(Reporter.java:46)
at wrappers.GenericWrappers.takeSnap(GenericWrappers.java:860)
at utils.Reporter.reportStep(Reporter.java:23)
at utils.Reporter.reportStep(Reporter.java:46)
at wrappers.GenericWrappers.takeSnap(GenericWrappers.java:860)
at utils.Reporter.reportStep(Reporter.java:23)
at utils.Reporter.reportStep(Reporter.java:46)
at wrappers.GenericWrappers.takeSnap(GenericWrappers.java:860)
at utils.Reporter.reportStep(Reporter.java:23)
at utils.Reporter.reportStep(Reporter.java:46)
at wrappers.GenericWrappers.takeSnap(GenericWrappers.java:860)
at utils.Reporter.reportStep(Reporter.java:23)
at utils.Reporter.reportStep(Reporter.java:46)
at wrappers.GenericWrappers.takeSnap(GenericWrappers.java:860)
at utils.Reporter.reportStep(Reporter.java:23)
at utils.Reporter.reportStep(Reporter.java:46)
at wrappers.GenericWrappers.takeSnap(GenericWrappers.java:860)
at utils.Reporter.reportStep(Reporter.java:23)
at utils.Reporter.reportStep(Reporter.java:46)
at wrappers.GenericWrappers.takeSnap(GenericWrappers.java:860)
at utils.Reporter.reportStep(Reporter.java:23)
at utils.Reporter.reportStep(Reporter.java:46)
at wrappers.GenericWrappers.takeSnap(GenericWrappers.java:860)
at utils.Reporter.reportStep(Reporter.java:23)
at utils.Reporter.reportStep(Reporter.java:46)
at wrappers.GenericWrappers.takeSnap(GenericWrappers.java:860)
at utils.Reporter.reportStep(Reporter.java:23)
at utils.Reporter.reportStep(Reporter.java:46)
at wrappers.GenericWrappers.takeSnap(GenericWrappers.java:860)
at utils.Reporter.reportStep(Reporter.java:23)
at utils.Reporter.reportStep(Reporter.java:46)
at wrappers.GenericWrappers.takeSnap(GenericWrappers.java:860)
at utils.Reporter.reportStep(Reporter.java:23)
at utils.Reporter.reportStep(Reporter.java:46)
at wrappers.GenericWrappers.takeSnap(GenericWrappers.java:860)
at utils.Reporter.reportStep(Reporter.java:23)
at utils.Reporter.reportStep(Reporter.java:46)
at wrappers.GenericWrappers.takeSnap(GenericWrappers.java:860)
at utils.Reporter.reportStep(Reporter.java:23)
at utils.Reporter.reportStep(Reporter.java:46)
at wrappers.GenericWrappers.takeSnap(GenericWrappers.java:860)
at utils.Reporter.reportStep(Reporter.java:23)
at utils.Reporter.reportStep(Reporter.java:46)
at wrappers.GenericWrappers.takeSnap(GenericWrappers.java:860)
at utils.Reporter.reportStep(Reporter.java:23)
at utils.Reporter.reportStep(Reporter.java:46)
at wrappers.GenericWrappers.takeSnap(GenericWrappers.java:860)
at utils.Reporter.reportStep(Reporter.java:23)
at utils.Reporter.reportStep(Reporter.java:46)
at wrappers.GenericWrappers.takeSnap(GenericWrappers.java:860)
at utils.Reporter.reportStep(Reporter.java:23)
at utils.Reporter.reportStep(Reporter.java:46)
at wrappers.GenericWrappers.takeSnap(GenericWrappers.java:860)
at utils.Reporter.reportStep(Reporter.java:23)
at utils.Reporter.reportStep(Reporter.java:46)
at wrappers.GenericWrappers.takeSnap(GenericWrappers.java:860)
at utils.Reporter.reportStep(Reporter.java:23)
at utils.Reporter.reportStep(Reporter.java:46)
at wrappers.GenericWrappers.takeSnap(GenericWrappers.java:860)
at utils.Reporter.reportStep(Reporter.java:23)
at utils.Reporter.reportStep(Reporter.java:46)
at wrappers.GenericWrappers.takeSnap(GenericWrappers.java:860)
at utils.Reporter.reportStep(Reporter.java:23)
at utils.Reporter.reportStep(Reporter.java:46)
at wrappers.GenericWrappers.takeSnap(GenericWrappers.java:860)
at utils.Reporter.reportStep(Reporter.java:23)
at utils.Reporter.reportStep(Reporter.java:46)
at wrappers.GenericWrappers.takeSnap(GenericWrappers.java:860)
at utils.Reporter.reportStep(Reporter.java:23)
at utils.Reporter.reportStep(Reporter.java:46)
at wrappers.GenericWrappers.takeSnap(GenericWrappers.java:860)
at utils.Reporter.reportStep(Reporter.java:23)
at utils.Reporter.reportStep(Reporter.java:46)
at wrappers.GenericWrappers.takeSnap(GenericWrappers.java:860)
at utils.Reporter.reportStep(Reporter.java:23)
at utils.Reporter.reportStep(Reporter.java:46)
at wrappers.GenericWrappers.takeSnap(GenericWrappers.java:860)
at utils.Reporter.reportStep(Reporter.java:23)
at utils.Reporter.reportStep(Reporter.java:46)
at wrappers.GenericWrappers.takeSnap(GenericWrappers.java:860)
at utils.Reporter.reportStep(Reporter.java:23)
at utils.Reporter.reportStep(Reporter.java:46)
at wrappers.GenericWrappers.takeSnap(GenericWrappers.java:860)
at utils.Reporter.reportStep(Reporter.java:23)
at utils.Reporter.reportStep(Reporter.java:46)
at wrappers.GenericWrappers.takeSnap(GenericWrappers.java:860)
at utils.Reporter.reportStep(Reporter.java:23)
at utils.Reporter.reportStep(Reporter.java:46)
at wrappers.GenericWrappers.takeSnap(GenericWrappers.java:860)
at utils.Reporter.reportStep(Reporter.java:23)
at utils.Reporter.reportStep(Reporter.java:46)
at wrappers.GenericWrappers.takeSnap(GenericWrappers.java:860)
at utils.Reporter.reportStep(Reporter.java:23)
at utils.Reporter.reportStep(Reporter.java:46)
at wrappers.GenericWrappers.takeSnap(GenericWrappers.java:860)
at utils.Reporter.reportStep(Reporter.java:23)
at utils.Reporter.reportStep(Reporter.java:46)
at wrappers.GenericWrappers.takeSnap(GenericWrappers.java:860)
at utils.Reporter.reportStep(Reporter.java:23)
at utils.Reporter.reportStep(Reporter.java:46)
at wrappers.GenericWrappers.takeSnap(GenericWrappers.java:860)
at utils.Reporter.reportStep(Reporter.java:23)
at utils.Reporter.reportStep(Reporter.java:46)
at wrappers.GenericWrappers.takeSnap(GenericWrappers.java:860)
at utils.Reporter.reportStep(Reporter.java:23)
at utils.Reporter.reportStep(Reporter.java:46)
at wrappers.GenericWrappers.takeSnap(GenericWrappers.java:860)
at utils.Reporter.reportStep(Reporter.java:23)
at utils.Reporter.reportStep(Reporter.java:46)
at wrappers.GenericWrappers.takeSnap(GenericWrappers.java:860)
at utils.Reporter.reportStep(Reporter.java:23)
at utils.Reporter.reportStep(Reporter.java:46)
at wrappers.GenericWrappers.takeSnap(GenericWrappers.java:860)
at utils.Reporter.reportStep(Reporter.java:23)
at utils.Reporter.reportStep(Reporter.java:46)
at wrappers.GenericWrappers.takeSnap(GenericWrappers.java:860)
at utils.Reporter.reportStep(Reporter.java:23)
at utils.Reporter.reportStep(Reporter.java:46)
at wrappers.GenericWrappers.takeSnap(GenericWrappers.java:860)
at utils.Reporter.reportStep(Reporter.java:23)
at utils.Reporter.reportStep(Reporter.java:46)
at wrappers.GenericWrappers.takeSnap(GenericWrappers.java:860)
at utils.Reporter.reportStep(Reporter.java:23)
at utils.Reporter.reportStep(Reporter.java:46)
at wrappers.GenericWrappers.takeSnap(GenericWrappers.java:860)
at utils.Reporter.reportStep(Reporter.java:23)
at utils.Reporter.reportStep(Reporter.java:46)
at wrappers.GenericWrappers.takeSnap(GenericWrappers.java:860)
at utils.Reporter.reportStep(Reporter.java:23)
at utils.Reporter.reportStep(Reporter.java:46)
at wrappers.GenericWrappers.takeSnap(GenericWrappers.java:860)
at utils.Reporter.reportStep(Reporter.java:23)
at utils.Reporter.reportStep(Reporter.java:46)
at wrappers.GenericWrappers.takeSnap(GenericWrappers.java:860)
at utils.Reporter.reportStep(Reporter.java:23)
at utils.Reporter.reportStep(Reporter.java:46)
at wrappers.GenericWrappers.takeSnap(GenericWrappers.java:860)
at utils.Reporter.reportStep(Reporter.java:23)
at utils.Reporter.reportStep(Reporter.java:46)
at wrappers.GenericWrappers.takeSnap(GenericWrappers.java:860)
at utils.Reporter.reportStep(Reporter.java:23)
at utils.Reporter.reportStep(Reporter.java:46)
at wrappers.GenericWrappers.takeSnap(GenericWrappers.java:860)
at utils.Reporter.reportStep(Reporter.java:23)
at utils.Reporter.reportStep(Reporter.java:46)
at wrappers.GenericWrappers.takeSnap(GenericWrappers.java:860)
at utils.Reporter.reportStep(Reporter.java:23)
at utils.Reporter.reportStep(Reporter.java:46)
at wrappers.GenericWrappers.takeSnap(GenericWrappers.java:860)
at utils.Reporter.reportStep(Reporter.java:23)
at utils.Reporter.reportStep(Reporter.java:46)
at wrappers.GenericWrappers.takeSnap(GenericWrappers.java:860)
at utils.Reporter.reportStep(Reporter.java:23)
at utils.Reporter.reportStep(Reporter.java:46)
at wrappers.GenericWrappers.takeSnap(GenericWrappers.java:860)
at utils.Reporter.reportStep(Reporter.java:23)
at utils.Reporter.reportStep(Reporter.java:46)
at wrappers.GenericWrappers.takeSnap(GenericWrappers.java:860)
]]>
    </error>
  </testcase> <!-- afterMethod -->
</testsuite> <!-- testcases.TC004_MyVehicles -->
