<?xml version="1.0" encoding="UTF-8"?>
<!-- Generated by org.testng.reporters.JUnitReportReporter -->
<testsuite hostname="HAEI-GDC-025" failures="0" tests="2" name="testcases.TC006_VehicleStatus" time="71.892" errors="0" timestamp="16 Jun 2023 10:05:00 GMT">
  <testcase classname="testcases.TC006_VehicleStatus" name="VehicleStatusVerifyTheVehicleName" time="34.300"/>
  <testcase classname="testcases.TC006_VehicleStatus" name="nearByGasStation" time="37.592"/>
</testsuite> <!-- testcases.TC006_VehicleStatus -->
