<?xml version="1.0" encoding="UTF-8"?>
<!-- Generated by org.testng.reporters.JUnitReportReporter -->
<testsuite hostname="Megatron" failures="0" tests="2" name="testcases.TC002_Login" time="20.104" errors="0" timestamp="2023-07-24T22:24:52 IST" skipped="0">
  <testcase classname="testcases.TC002_Login" name="verifySignInIsDisplayed" time="6.133"/>
  <testcase classname="testcases.TC002_Login" name="verifyLoginIn" time="13.971"/>
</testsuite> <!-- testcases.TC002_Login -->
