<?xml version="1.0" encoding="UTF-8"?>
<!-- Generated by org.testng.reporters.JUnitReportReporter -->
<testsuite hostname="HAEI-GDC-025" failures="0" tests="7" name="testcases.TC011_MyCarZone" time="520.517" errors="0" timestamp="16 Jun 2023 10:05:00 GMT">
  <testcase classname="testcases.TC011_MyCarZone" name="deleteGeoFenceAlert" time="71.320"/>
  <testcase classname="testcases.TC011_MyCarZone" name="curfewAlert" time="80.076"/>
  <testcase classname="testcases.TC011_MyCarZone" name="deleteCurfewAlert" time="80.234"/>
  <testcase classname="testcases.TC011_MyCarZone" name="updateCurfewAlert" time="77.698"/>
  <testcase classname="testcases.TC011_MyCarZone" name="updateGeoFenceAlert" time="77.398"/>
  <testcase classname="testcases.TC011_MyCarZone" name="updateCurfewAlertMCZ" time="83.565"/>
  <testcase classname="testcases.TC011_MyCarZone" name="geoFenceAlert" time="50.226"/>
</testsuite> <!-- testcases.TC011_MyCarZone -->
