<?xml version="1.0" encoding="UTF-8"?>
<!-- Generated by org.testng.reporters.JUnitReportReporter -->
<testsuite hostname="IND-CHN-LT10158" failures="0" tests="3" name="testcases.TC002_Login" time="26.641" errors="2" timestamp="2023-07-10T19:08:29 IST" skipped="0">
  <testcase classname="testcases.TC002_Login" name="afterMethod" time="20.624">
    <error type="java.lang.StackOverflowError">
      <![CDATA[java.lang.StackOverflowError
at java.base/java.lang.StringBuilder.append(StringBuilder.java:209)
at java.base/java.lang.StringBuilder.append(StringBuilder.java:91)
at java.base/java.util.Formatter$FormatSpecifier.appendJustified(Formatter.java:3093)
at java.base/java.util.Formatter$FormatSpecifier.print(Formatter.java:3083)
at java.base/java.util.Formatter$FormatSpecifier.printString(Formatter.java:3056)
at java.base/java.util.Formatter$FormatSpecifier.print(Formatter.java:2933)
at java.base/java.util.Formatter.format(Formatter.java:2689)
at java.base/java.util.Formatter.format(Formatter.java:2625)
at java.base/java.lang.String.format(String.java:4143)
at org.openqa.selenium.remote.RemoteWebDriver.execute(RemoteWebDriver.java:583)
at org.openqa.selenium.remote.RemoteWebDriver.execute(RemoteWebDriver.java:643)
at org.openqa.selenium.remote.RemoteWebDriver.getScreenshotAs(RemoteWebDriver.java:328)
at wrappers.GenericWrappers.takeSnap(GenericWrappers.java:858)
at utils.Reporter.reportStep(Reporter.java:23)
at utils.Reporter.reportStep(Reporter.java:46)
at wrappers.GenericWrappers.takeSnap(GenericWrappers.java:860)
at utils.Reporter.reportStep(Reporter.java:23)
at utils.Reporter.reportStep(Reporter.java:46)
at wrappers.GenericWrappers.takeSnap(GenericWrappers.java:860)
at utils.Reporter.reportStep(Reporter.java:23)
at utils.Reporter.reportStep(Reporter.java:46)
at wrappers.GenericWrappers.takeSnap(GenericWrappers.java:860)
at utils.Reporter.reportStep(Reporter.java:23)
at utils.Reporter.reportStep(Reporter.java:46)
at wrappers.GenericWrappers.takeSnap(GenericWrappers.java:860)
at utils.Reporter.reportStep(Reporter.java:23)
at utils.Reporter.reportStep(Reporter.java:46)
at wrappers.GenericWrappers.takeSnap(GenericWrappers.java:860)
at utils.Reporter.reportStep(Reporter.java:23)
at utils.Reporter.reportStep(Reporter.java:46)
at wrappers.GenericWrappers.takeSnap(GenericWrappers.java:860)
at utils.Reporter.reportStep(Reporter.java:23)
at utils.Reporter.reportStep(Reporter.java:46)
at wrappers.GenericWrappers.takeSnap(GenericWrappers.java:860)
at utils.Reporter.reportStep(Reporter.java:23)
at utils.Reporter.reportStep(Reporter.java:46)
at wrappers.GenericWrappers.takeSnap(GenericWrappers.java:860)
at utils.Reporter.reportStep(Reporter.java:23)
at utils.Reporter.reportStep(Reporter.java:46)
at wrappers.GenericWrappers.takeSnap(GenericWrappers.java:860)
at utils.Reporter.reportStep(Reporter.java:23)
at utils.Reporter.reportStep(Reporter.java:46)
at wrappers.GenericWrappers.takeSnap(GenericWrappers.java:860)
at utils.Reporter.reportStep(Reporter.java:23)
at utils.Reporter.reportStep(Reporter.java:46)
at wrappers.GenericWrappers.takeSnap(GenericWrappers.java:860)
at utils.Reporter.reportStep(Reporter.java:23)
at utils.Reporter.reportStep(Reporter.java:46)
at wrappers.GenericWrappers.takeSnap(GenericWrappers.java:860)
at utils.Reporter.reportStep(Reporter.java:23)
at utils.Reporter.reportStep(Reporter.java:46)
at wrappers.GenericWrappers.takeSnap(GenericWrappers.java:860)
at utils.Reporter.reportStep(Reporter.java:23)
at utils.Reporter.reportStep(Reporter.java:46)
at wrappers.GenericWrappers.takeSnap(GenericWrappers.java:860)
at utils.Reporter.reportStep(Reporter.java:23)
at utils.Reporter.reportStep(Reporter.java:46)
at wrappers.GenericWrappers.takeSnap(GenericWrappers.java:860)
at utils.Reporter.reportStep(Reporter.java:23)
at utils.Reporter.reportStep(Reporter.java:46)
at wrappers.GenericWrappers.takeSnap(GenericWrappers.java:860)
at utils.Reporter.reportStep(Reporter.java:23)
at utils.Reporter.reportStep(Reporter.java:46)
at wrappers.GenericWrappers.takeSnap(GenericWrappers.java:860)
at utils.Reporter.reportStep(Reporter.java:23)
at utils.Reporter.reportStep(Reporter.java:46)
at wrappers.GenericWrappers.takeSnap(GenericWrappers.java:860)
at utils.Reporter.reportStep(Reporter.java:23)
at utils.Reporter.reportStep(Reporter.java:46)
at wrappers.GenericWrappers.takeSnap(GenericWrappers.java:860)
at utils.Reporter.reportStep(Reporter.java:23)
at utils.Reporter.reportStep(Reporter.java:46)
at wrappers.GenericWrappers.takeSnap(GenericWrappers.java:860)
at utils.Reporter.reportStep(Reporter.java:23)
at utils.Reporter.reportStep(Reporter.java:46)
at wrappers.GenericWrappers.takeSnap(GenericWrappers.java:860)
at utils.Reporter.reportStep(Reporter.java:23)
at utils.Reporter.reportStep(Reporter.java:46)
at wrappers.GenericWrappers.takeSnap(GenericWrappers.java:860)
at utils.Reporter.reportStep(Reporter.java:23)
at utils.Reporter.reportStep(Reporter.java:46)
at wrappers.GenericWrappers.takeSnap(GenericWrappers.java:860)
at utils.Reporter.reportStep(Reporter.java:23)
at utils.Reporter.reportStep(Reporter.java:46)
at wrappers.GenericWrappers.takeSnap(GenericWrappers.java:860)
at utils.Reporter.reportStep(Reporter.java:23)
at utils.Reporter.reportStep(Reporter.java:46)
at wrappers.GenericWrappers.takeSnap(GenericWrappers.java:860)
at utils.Reporter.reportStep(Reporter.java:23)
at utils.Reporter.reportStep(Reporter.java:46)
at wrappers.GenericWrappers.takeSnap(GenericWrappers.java:860)
at utils.Reporter.reportStep(Reporter.java:23)
at utils.Reporter.reportStep(Reporter.java:46)
at wrappers.GenericWrappers.takeSnap(GenericWrappers.java:860)
at utils.Reporter.reportStep(Reporter.java:23)
at utils.Reporter.reportStep(Reporter.java:46)
at wrappers.GenericWrappers.takeSnap(GenericWrappers.java:860)
at utils.Reporter.reportStep(Reporter.java:23)
at utils.Reporter.reportStep(Reporter.java:46)
at wrappers.GenericWrappers.takeSnap(GenericWrappers.java:860)
at utils.Reporter.reportStep(Reporter.java:23)
at utils.Reporter.reportStep(Reporter.java:46)
at wrappers.GenericWrappers.takeSnap(GenericWrappers.java:860)
at utils.Reporter.reportStep(Reporter.java:23)
at utils.Reporter.reportStep(Reporter.java:46)
at wrappers.GenericWrappers.takeSnap(GenericWrappers.java:860)
at utils.Reporter.reportStep(Reporter.java:23)
at utils.Reporter.reportStep(Reporter.java:46)
at wrappers.GenericWrappers.takeSnap(GenericWrappers.java:860)
at utils.Reporter.reportStep(Reporter.java:23)
at utils.Reporter.reportStep(Reporter.java:46)
at wrappers.GenericWrappers.takeSnap(GenericWrappers.java:860)
at utils.Reporter.reportStep(Reporter.java:23)
at utils.Reporter.reportStep(Reporter.java:46)
at wrappers.GenericWrappers.takeSnap(GenericWrappers.java:860)
at utils.Reporter.reportStep(Reporter.java:23)
at utils.Reporter.reportStep(Reporter.java:46)
at wrappers.GenericWrappers.takeSnap(GenericWrappers.java:860)
at utils.Reporter.reportStep(Reporter.java:23)
at utils.Reporter.reportStep(Reporter.java:46)
at wrappers.GenericWrappers.takeSnap(GenericWrappers.java:860)
at utils.Reporter.reportStep(Reporter.java:23)
at utils.Reporter.reportStep(Reporter.java:46)
at wrappers.GenericWrappers.takeSnap(GenericWrappers.java:860)
at utils.Reporter.reportStep(Reporter.java:23)
at utils.Reporter.reportStep(Reporter.java:46)
at wrappers.GenericWrappers.takeSnap(GenericWrappers.java:860)
at utils.Reporter.reportStep(Reporter.java:23)
at utils.Reporter.reportStep(Reporter.java:46)
at wrappers.GenericWrappers.takeSnap(GenericWrappers.java:860)
at utils.Reporter.reportStep(Reporter.java:23)
at utils.Reporter.reportStep(Reporter.java:46)
at wrappers.GenericWrappers.takeSnap(GenericWrappers.java:860)
at utils.Reporter.reportStep(Reporter.java:23)
at utils.Reporter.reportStep(Reporter.java:46)
at wrappers.GenericWrappers.takeSnap(GenericWrappers.java:860)
at utils.Reporter.reportStep(Reporter.java:23)
at utils.Reporter.reportStep(Reporter.java:46)
at wrappers.GenericWrappers.takeSnap(GenericWrappers.java:860)
at utils.Reporter.reportStep(Reporter.java:23)
at utils.Reporter.reportStep(Reporter.java:46)
at wrappers.GenericWrappers.takeSnap(GenericWrappers.java:860)
at utils.Reporter.reportStep(Reporter.java:23)
at utils.Reporter.reportStep(Reporter.java:46)
at wrappers.GenericWrappers.takeSnap(GenericWrappers.java:860)
at utils.Reporter.reportStep(Reporter.java:23)
at utils.Reporter.reportStep(Reporter.java:46)
at wrappers.GenericWrappers.takeSnap(GenericWrappers.java:860)
at utils.Reporter.reportStep(Reporter.java:23)
at utils.Reporter.reportStep(Reporter.java:46)
at wrappers.GenericWrappers.takeSnap(GenericWrappers.java:860)
at utils.Reporter.reportStep(Reporter.java:23)
at utils.Reporter.reportStep(Reporter.java:46)
at wrappers.GenericWrappers.takeSnap(GenericWrappers.java:860)
at utils.Reporter.reportStep(Reporter.java:23)
at utils.Reporter.reportStep(Reporter.java:46)
at wrappers.GenericWrappers.takeSnap(GenericWrappers.java:860)
at utils.Reporter.reportStep(Reporter.java:23)
at utils.Reporter.reportStep(Reporter.java:46)
at wrappers.GenericWrappers.takeSnap(GenericWrappers.java:860)
at utils.Reporter.reportStep(Reporter.java:23)
at utils.Reporter.reportStep(Reporter.java:46)
at wrappers.GenericWrappers.takeSnap(GenericWrappers.java:860)
at utils.Reporter.reportStep(Reporter.java:23)
at utils.Reporter.reportStep(Reporter.java:46)
at wrappers.GenericWrappers.takeSnap(GenericWrappers.java:860)
at utils.Reporter.reportStep(Reporter.java:23)
at utils.Reporter.reportStep(Reporter.java:46)
at wrappers.GenericWrappers.takeSnap(GenericWrappers.java:860)
at utils.Reporter.reportStep(Reporter.java:23)
at utils.Reporter.reportStep(Reporter.java:46)
at wrappers.GenericWrappers.takeSnap(GenericWrappers.java:860)
at utils.Reporter.reportStep(Reporter.java:23)
at utils.Reporter.reportStep(Reporter.java:46)
at wrappers.GenericWrappers.takeSnap(GenericWrappers.java:860)
at utils.Reporter.reportStep(Reporter.java:23)
at utils.Reporter.reportStep(Reporter.java:46)
at wrappers.GenericWrappers.takeSnap(GenericWrappers.java:860)
at utils.Reporter.reportStep(Reporter.java:23)
at utils.Reporter.reportStep(Reporter.java:46)
at wrappers.GenericWrappers.takeSnap(GenericWrappers.java:860)
at utils.Reporter.reportStep(Reporter.java:23)
at utils.Reporter.reportStep(Reporter.java:46)
at wrappers.GenericWrappers.takeSnap(GenericWrappers.java:860)
at utils.Reporter.reportStep(Reporter.java:23)
at utils.Reporter.reportStep(Reporter.java:46)
at wrappers.GenericWrappers.takeSnap(GenericWrappers.java:860)
at utils.Reporter.reportStep(Reporter.java:23)
at utils.Reporter.reportStep(Reporter.java:46)
at wrappers.GenericWrappers.takeSnap(GenericWrappers.java:860)
at utils.Reporter.reportStep(Reporter.java:23)
at utils.Reporter.reportStep(Reporter.java:46)
at wrappers.GenericWrappers.takeSnap(GenericWrappers.java:860)
at utils.Reporter.reportStep(Reporter.java:23)
at utils.Reporter.reportStep(Reporter.java:46)
at wrappers.GenericWrappers.takeSnap(GenericWrappers.java:860)
at utils.Reporter.reportStep(Reporter.java:23)
at utils.Reporter.reportStep(Reporter.java:46)
at wrappers.GenericWrappers.takeSnap(GenericWrappers.java:860)
at utils.Reporter.reportStep(Reporter.java:23)
at utils.Reporter.reportStep(Reporter.java:46)
at wrappers.GenericWrappers.takeSnap(GenericWrappers.java:860)
at utils.Reporter.reportStep(Reporter.java:23)
at utils.Reporter.reportStep(Reporter.java:46)
at wrappers.GenericWrappers.takeSnap(GenericWrappers.java:860)
at utils.Reporter.reportStep(Reporter.java:23)
at utils.Reporter.reportStep(Reporter.java:46)
at wrappers.GenericWrappers.takeSnap(GenericWrappers.java:860)
at utils.Reporter.reportStep(Reporter.java:23)
at utils.Reporter.reportStep(Reporter.java:46)
at wrappers.GenericWrappers.takeSnap(GenericWrappers.java:860)
at utils.Reporter.reportStep(Reporter.java:23)
at utils.Reporter.reportStep(Reporter.java:46)
at wrappers.GenericWrappers.takeSnap(GenericWrappers.java:860)
at utils.Reporter.reportStep(Reporter.java:23)
at utils.Reporter.reportStep(Reporter.java:46)
at wrappers.GenericWrappers.takeSnap(GenericWrappers.java:860)
at utils.Reporter.reportStep(Reporter.java:23)
at utils.Reporter.reportStep(Reporter.java:46)
at wrappers.GenericWrappers.takeSnap(GenericWrappers.java:860)
at utils.Reporter.reportStep(Reporter.java:23)
at utils.Reporter.reportStep(Reporter.java:46)
at wrappers.GenericWrappers.takeSnap(GenericWrappers.java:860)
at utils.Reporter.reportStep(Reporter.java:23)
at utils.Reporter.reportStep(Reporter.java:46)
at wrappers.GenericWrappers.takeSnap(GenericWrappers.java:860)
at utils.Reporter.reportStep(Reporter.java:23)
at utils.Reporter.reportStep(Reporter.java:46)
at wrappers.GenericWrappers.takeSnap(GenericWrappers.java:860)
at utils.Reporter.reportStep(Reporter.java:23)
at utils.Reporter.reportStep(Reporter.java:46)
at wrappers.GenericWrappers.takeSnap(GenericWrappers.java:860)
at utils.Reporter.reportStep(Reporter.java:23)
at utils.Reporter.reportStep(Reporter.java:46)
at wrappers.GenericWrappers.takeSnap(GenericWrappers.java:860)
at utils.Reporter.reportStep(Reporter.java:23)
at utils.Reporter.reportStep(Reporter.java:46)
at wrappers.GenericWrappers.takeSnap(GenericWrappers.java:860)
at utils.Reporter.reportStep(Reporter.java:23)
at utils.Reporter.reportStep(Reporter.java:46)
at wrappers.GenericWrappers.takeSnap(GenericWrappers.java:860)
at utils.Reporter.reportStep(Reporter.java:23)
at utils.Reporter.reportStep(Reporter.java:46)
at wrappers.GenericWrappers.takeSnap(GenericWrappers.java:860)
at utils.Reporter.reportStep(Reporter.java:23)
at utils.Reporter.reportStep(Reporter.java:46)
at wrappers.GenericWrappers.takeSnap(GenericWrappers.java:860)
at utils.Reporter.reportStep(Reporter.java:23)
at utils.Reporter.reportStep(Reporter.java:46)
at wrappers.GenericWrappers.takeSnap(GenericWrappers.java:860)
at utils.Reporter.reportStep(Reporter.java:23)
at utils.Reporter.reportStep(Reporter.java:46)
at wrappers.GenericWrappers.takeSnap(GenericWrappers.java:860)
at utils.Reporter.reportStep(Reporter.java:23)
at utils.Reporter.reportStep(Reporter.java:46)
at wrappers.GenericWrappers.takeSnap(GenericWrappers.java:860)
at utils.Reporter.reportStep(Reporter.java:23)
at utils.Reporter.reportStep(Reporter.java:46)
at wrappers.GenericWrappers.takeSnap(GenericWrappers.java:860)
at utils.Reporter.reportStep(Reporter.java:23)
at utils.Reporter.reportStep(Reporter.java:46)
at wrappers.GenericWrappers.takeSnap(GenericWrappers.java:860)
at utils.Reporter.reportStep(Reporter.java:23)
at utils.Reporter.reportStep(Reporter.java:46)
at wrappers.GenericWrappers.takeSnap(GenericWrappers.java:860)
at utils.Reporter.reportStep(Reporter.java:23)
at utils.Reporter.reportStep(Reporter.java:46)
at wrappers.GenericWrappers.takeSnap(GenericWrappers.java:860)
at utils.Reporter.reportStep(Reporter.java:23)
at utils.Reporter.reportStep(Reporter.java:46)
at wrappers.GenericWrappers.takeSnap(GenericWrappers.java:860)
at utils.Reporter.reportStep(Reporter.java:23)
at utils.Reporter.reportStep(Reporter.java:46)
at wrappers.GenericWrappers.takeSnap(GenericWrappers.java:860)
at utils.Reporter.reportStep(Reporter.java:23)
at utils.Reporter.reportStep(Reporter.java:46)
at wrappers.GenericWrappers.takeSnap(GenericWrappers.java:860)
at utils.Reporter.reportStep(Reporter.java:23)
at utils.Reporter.reportStep(Reporter.java:46)
at wrappers.GenericWrappers.takeSnap(GenericWrappers.java:860)
at utils.Reporter.reportStep(Reporter.java:23)
at utils.Reporter.reportStep(Reporter.java:46)
at wrappers.GenericWrappers.takeSnap(GenericWrappers.java:860)
at utils.Reporter.reportStep(Reporter.java:23)
at utils.Reporter.reportStep(Reporter.java:46)
at wrappers.GenericWrappers.takeSnap(GenericWrappers.java:860)
at utils.Reporter.reportStep(Reporter.java:23)
at utils.Reporter.reportStep(Reporter.java:46)
at wrappers.GenericWrappers.takeSnap(GenericWrappers.java:860)
at utils.Reporter.reportStep(Reporter.java:23)
at utils.Reporter.reportStep(Reporter.java:46)
at wrappers.GenericWrappers.takeSnap(GenericWrappers.java:860)
at utils.Reporter.reportStep(Reporter.java:23)
at utils.Reporter.reportStep(Reporter.java:46)
at wrappers.GenericWrappers.takeSnap(GenericWrappers.java:860)
at utils.Reporter.reportStep(Reporter.java:23)
at utils.Reporter.reportStep(Reporter.java:46)
at wrappers.GenericWrappers.takeSnap(GenericWrappers.java:860)
at utils.Reporter.reportStep(Reporter.java:23)
at utils.Reporter.reportStep(Reporter.java:46)
at wrappers.GenericWrappers.takeSnap(GenericWrappers.java:860)
at utils.Reporter.reportStep(Reporter.java:23)
at utils.Reporter.reportStep(Reporter.java:46)
at wrappers.GenericWrappers.takeSnap(GenericWrappers.java:860)
at utils.Reporter.reportStep(Reporter.java:23)
at utils.Reporter.reportStep(Reporter.java:46)
at wrappers.GenericWrappers.takeSnap(GenericWrappers.java:860)
at utils.Reporter.reportStep(Reporter.java:23)
at utils.Reporter.reportStep(Reporter.java:46)
at wrappers.GenericWrappers.takeSnap(GenericWrappers.java:860)
at utils.Reporter.reportStep(Reporter.java:23)
at utils.Reporter.reportStep(Reporter.java:46)
at wrappers.GenericWrappers.takeSnap(GenericWrappers.java:860)
at utils.Reporter.reportStep(Reporter.java:23)
at utils.Reporter.reportStep(Reporter.java:46)
at wrappers.GenericWrappers.takeSnap(GenericWrappers.java:860)
at utils.Reporter.reportStep(Reporter.java:23)
at utils.Reporter.reportStep(Reporter.java:46)
at wrappers.GenericWrappers.takeSnap(GenericWrappers.java:860)
at utils.Reporter.reportStep(Reporter.java:23)
at utils.Reporter.reportStep(Reporter.java:46)
at wrappers.GenericWrappers.takeSnap(GenericWrappers.java:860)
at utils.Reporter.reportStep(Reporter.java:23)
at utils.Reporter.reportStep(Reporter.java:46)
at wrappers.GenericWrappers.takeSnap(GenericWrappers.java:860)
at utils.Reporter.reportStep(Reporter.java:23)
at utils.Reporter.reportStep(Reporter.java:46)
at wrappers.GenericWrappers.takeSnap(GenericWrappers.java:860)
at utils.Reporter.reportStep(Reporter.java:23)
at utils.Reporter.reportStep(Reporter.java:46)
at wrappers.GenericWrappers.takeSnap(GenericWrappers.java:860)
at utils.Reporter.reportStep(Reporter.java:23)
at utils.Reporter.reportStep(Reporter.java:46)
at wrappers.GenericWrappers.takeSnap(GenericWrappers.java:860)
at utils.Reporter.reportStep(Reporter.java:23)
at utils.Reporter.reportStep(Reporter.java:46)
at wrappers.GenericWrappers.takeSnap(GenericWrappers.java:860)
at utils.Reporter.reportStep(Reporter.java:23)
at utils.Reporter.reportStep(Reporter.java:46)
at wrappers.GenericWrappers.takeSnap(GenericWrappers.java:860)
at utils.Reporter.reportStep(Reporter.java:23)
at utils.Reporter.reportStep(Reporter.java:46)
at wrappers.GenericWrappers.takeSnap(GenericWrappers.java:860)
at utils.Reporter.reportStep(Reporter.java:23)
at utils.Reporter.reportStep(Reporter.java:46)
at wrappers.GenericWrappers.takeSnap(GenericWrappers.java:860)
at utils.Reporter.reportStep(Reporter.java:23)
at utils.Reporter.reportStep(Reporter.java:46)
at wrappers.GenericWrappers.takeSnap(GenericWrappers.java:860)
at utils.Reporter.reportStep(Reporter.java:23)
at utils.Reporter.reportStep(Reporter.java:46)
at wrappers.GenericWrappers.takeSnap(GenericWrappers.java:860)
at utils.Reporter.reportStep(Reporter.java:23)
at utils.Reporter.reportStep(Reporter.java:46)
at wrappers.GenericWrappers.takeSnap(GenericWrappers.java:860)
at utils.Reporter.reportStep(Reporter.java:23)
at utils.Reporter.reportStep(Reporter.java:46)
at wrappers.GenericWrappers.takeSnap(GenericWrappers.java:860)
at utils.Reporter.reportStep(Reporter.java:23)
at utils.Reporter.reportStep(Reporter.java:46)
at wrappers.GenericWrappers.takeSnap(GenericWrappers.java:860)
at utils.Reporter.reportStep(Reporter.java:23)
at utils.Reporter.reportStep(Reporter.java:46)
at wrappers.GenericWrappers.takeSnap(GenericWrappers.java:860)
at utils.Reporter.reportStep(Reporter.java:23)
at utils.Reporter.reportStep(Reporter.java:46)
at wrappers.GenericWrappers.takeSnap(GenericWrappers.java:860)
at utils.Reporter.reportStep(Reporter.java:23)
at utils.Reporter.reportStep(Reporter.java:46)
at wrappers.GenericWrappers.takeSnap(GenericWrappers.java:860)
at utils.Reporter.reportStep(Reporter.java:23)
at utils.Reporter.reportStep(Reporter.java:46)
at wrappers.GenericWrappers.takeSnap(GenericWrappers.java:860)
at utils.Reporter.reportStep(Reporter.java:23)
at utils.Reporter.reportStep(Reporter.java:46)
at wrappers.GenericWrappers.takeSnap(GenericWrappers.java:860)
at utils.Reporter.reportStep(Reporter.java:23)
at utils.Reporter.reportStep(Reporter.java:46)
at wrappers.GenericWrappers.takeSnap(GenericWrappers.java:860)
at utils.Reporter.reportStep(Reporter.java:23)
at utils.Reporter.reportStep(Reporter.java:46)
at wrappers.GenericWrappers.takeSnap(GenericWrappers.java:860)
at utils.Reporter.reportStep(Reporter.java:23)
at utils.Reporter.reportStep(Reporter.java:46)
at wrappers.GenericWrappers.takeSnap(GenericWrappers.java:860)
at utils.Reporter.reportStep(Reporter.java:23)
at utils.Reporter.reportStep(Reporter.java:46)
at wrappers.GenericWrappers.takeSnap(GenericWrappers.java:860)
at utils.Reporter.reportStep(Reporter.java:23)
at utils.Reporter.reportStep(Reporter.java:46)
at wrappers.GenericWrappers.takeSnap(GenericWrappers.java:860)
at utils.Reporter.reportStep(Reporter.java:23)
at utils.Reporter.reportStep(Reporter.java:46)
at wrappers.GenericWrappers.takeSnap(GenericWrappers.java:860)
at utils.Reporter.reportStep(Reporter.java:23)
at utils.Reporter.reportStep(Reporter.java:46)
at wrappers.GenericWrappers.takeSnap(GenericWrappers.java:860)
at utils.Reporter.reportStep(Reporter.java:23)
at utils.Reporter.reportStep(Reporter.java:46)
at wrappers.GenericWrappers.takeSnap(GenericWrappers.java:860)
at utils.Reporter.reportStep(Reporter.java:23)
at utils.Reporter.reportStep(Reporter.java:46)
at wrappers.GenericWrappers.takeSnap(GenericWrappers.java:860)
at utils.Reporter.reportStep(Reporter.java:23)
at utils.Reporter.reportStep(Reporter.java:46)
at wrappers.GenericWrappers.takeSnap(GenericWrappers.java:860)
at utils.Reporter.reportStep(Reporter.java:23)
at utils.Reporter.reportStep(Reporter.java:46)
at wrappers.GenericWrappers.takeSnap(GenericWrappers.java:860)
at utils.Reporter.reportStep(Reporter.java:23)
at utils.Reporter.reportStep(Reporter.java:46)
at wrappers.GenericWrappers.takeSnap(GenericWrappers.java:860)
at utils.Reporter.reportStep(Reporter.java:23)
at utils.Reporter.reportStep(Reporter.java:46)
at wrappers.GenericWrappers.takeSnap(GenericWrappers.java:860)
at utils.Reporter.reportStep(Reporter.java:23)
at utils.Reporter.reportStep(Reporter.java:46)
at wrappers.GenericWrappers.takeSnap(GenericWrappers.java:860)
at utils.Reporter.reportStep(Reporter.java:23)
at utils.Reporter.reportStep(Reporter.java:46)
at wrappers.GenericWrappers.takeSnap(GenericWrappers.java:860)
at utils.Reporter.reportStep(Reporter.java:23)
at utils.Reporter.reportStep(Reporter.java:46)
at wrappers.GenericWrappers.takeSnap(GenericWrappers.java:860)
at utils.Reporter.reportStep(Reporter.java:23)
at utils.Reporter.reportStep(Reporter.java:46)
at wrappers.GenericWrappers.takeSnap(GenericWrappers.java:860)
at utils.Reporter.reportStep(Reporter.java:23)
at utils.Reporter.reportStep(Reporter.java:46)
at wrappers.GenericWrappers.takeSnap(GenericWrappers.java:860)
at utils.Reporter.reportStep(Reporter.java:23)
at utils.Reporter.reportStep(Reporter.java:46)
at wrappers.GenericWrappers.takeSnap(GenericWrappers.java:860)
at utils.Reporter.reportStep(Reporter.java:23)
at utils.Reporter.reportStep(Reporter.java:46)
at wrappers.GenericWrappers.takeSnap(GenericWrappers.java:860)
at utils.Reporter.reportStep(Reporter.java:23)
at utils.Reporter.reportStep(Reporter.java:46)
at wrappers.GenericWrappers.takeSnap(GenericWrappers.java:860)
at utils.Reporter.reportStep(Reporter.java:23)
at utils.Reporter.reportStep(Reporter.java:46)
at wrappers.GenericWrappers.takeSnap(GenericWrappers.java:860)
at utils.Reporter.reportStep(Reporter.java:23)
at utils.Reporter.reportStep(Reporter.java:46)
at wrappers.GenericWrappers.takeSnap(GenericWrappers.java:860)
at utils.Reporter.reportStep(Reporter.java:23)
at utils.Reporter.reportStep(Reporter.java:46)
at wrappers.GenericWrappers.takeSnap(GenericWrappers.java:860)
at utils.Reporter.reportStep(Reporter.java:23)
at utils.Reporter.reportStep(Reporter.java:46)
at wrappers.GenericWrappers.takeSnap(GenericWrappers.java:860)
at utils.Reporter.reportStep(Reporter.java:23)
at utils.Reporter.reportStep(Reporter.java:46)
at wrappers.GenericWrappers.takeSnap(GenericWrappers.java:860)
at utils.Reporter.reportStep(Reporter.java:23)
at utils.Reporter.reportStep(Reporter.java:46)
at wrappers.GenericWrappers.takeSnap(GenericWrappers.java:860)
at utils.Reporter.reportStep(Reporter.java:23)
at utils.Reporter.reportStep(Reporter.java:46)
at wrappers.GenericWrappers.takeSnap(GenericWrappers.java:860)
at utils.Reporter.reportStep(Reporter.java:23)
at utils.Reporter.reportStep(Reporter.java:46)
at wrappers.GenericWrappers.takeSnap(GenericWrappers.java:860)
at utils.Reporter.reportStep(Reporter.java:23)
at utils.Reporter.reportStep(Reporter.java:46)
at wrappers.GenericWrappers.takeSnap(GenericWrappers.java:860)
at utils.Reporter.reportStep(Reporter.java:23)
at utils.Reporter.reportStep(Reporter.java:46)
at wrappers.GenericWrappers.takeSnap(GenericWrappers.java:860)
at utils.Reporter.reportStep(Reporter.java:23)
at utils.Reporter.reportStep(Reporter.java:46)
at wrappers.GenericWrappers.takeSnap(GenericWrappers.java:860)
at utils.Reporter.reportStep(Reporter.java:23)
at utils.Reporter.reportStep(Reporter.java:46)
at wrappers.GenericWrappers.takeSnap(GenericWrappers.java:860)
at utils.Reporter.reportStep(Reporter.java:23)
at utils.Reporter.reportStep(Reporter.java:46)
at wrappers.GenericWrappers.takeSnap(GenericWrappers.java:860)
at utils.Reporter.reportStep(Reporter.java:23)
at utils.Reporter.reportStep(Reporter.java:46)
at wrappers.GenericWrappers.takeSnap(GenericWrappers.java:860)
at utils.Reporter.reportStep(Reporter.java:23)
at utils.Reporter.reportStep(Reporter.java:46)
at wrappers.GenericWrappers.takeSnap(GenericWrappers.java:860)
at utils.Reporter.reportStep(Reporter.java:23)
at utils.Reporter.reportStep(Reporter.java:46)
at wrappers.GenericWrappers.takeSnap(GenericWrappers.java:860)
at utils.Reporter.reportStep(Reporter.java:23)
at utils.Reporter.reportStep(Reporter.java:46)
at wrappers.GenericWrappers.takeSnap(GenericWrappers.java:860)
at utils.Reporter.reportStep(Reporter.java:23)
at utils.Reporter.reportStep(Reporter.java:46)
at wrappers.GenericWrappers.takeSnap(GenericWrappers.java:860)
at utils.Reporter.reportStep(Reporter.java:23)
at utils.Reporter.reportStep(Reporter.java:46)
at wrappers.GenericWrappers.takeSnap(GenericWrappers.java:860)
at utils.Reporter.reportStep(Reporter.java:23)
at utils.Reporter.reportStep(Reporter.java:46)
at wrappers.GenericWrappers.takeSnap(GenericWrappers.java:860)
at utils.Reporter.reportStep(Reporter.java:23)
at utils.Reporter.reportStep(Reporter.java:46)
at wrappers.GenericWrappers.takeSnap(GenericWrappers.java:860)
at utils.Reporter.reportStep(Reporter.java:23)
at utils.Reporter.reportStep(Reporter.java:46)
at wrappers.GenericWrappers.takeSnap(GenericWrappers.java:860)
at utils.Reporter.reportStep(Reporter.java:23)
at utils.Reporter.reportStep(Reporter.java:46)
at wrappers.GenericWrappers.takeSnap(GenericWrappers.java:860)
at utils.Reporter.reportStep(Reporter.java:23)
at utils.Reporter.reportStep(Reporter.java:46)
at wrappers.GenericWrappers.takeSnap(GenericWrappers.java:860)
at utils.Reporter.reportStep(Reporter.java:23)
at utils.Reporter.reportStep(Reporter.java:46)
at wrappers.GenericWrappers.takeSnap(GenericWrappers.java:860)
at utils.Reporter.reportStep(Reporter.java:23)
at utils.Reporter.reportStep(Reporter.java:46)
at wrappers.GenericWrappers.takeSnap(GenericWrappers.java:860)
at utils.Reporter.reportStep(Reporter.java:23)
at utils.Reporter.reportStep(Reporter.java:46)
at wrappers.GenericWrappers.takeSnap(GenericWrappers.java:860)
at utils.Reporter.reportStep(Reporter.java:23)
at utils.Reporter.reportStep(Reporter.java:46)
at wrappers.GenericWrappers.takeSnap(GenericWrappers.java:860)
at utils.Reporter.reportStep(Reporter.java:23)
at utils.Reporter.reportStep(Reporter.java:46)
at wrappers.GenericWrappers.takeSnap(GenericWrappers.java:860)
at utils.Reporter.reportStep(Reporter.java:23)
at utils.Reporter.reportStep(Reporter.java:46)
at wrappers.GenericWrappers.takeSnap(GenericWrappers.java:860)
at utils.Reporter.reportStep(Reporter.java:23)
at utils.Reporter.reportStep(Reporter.java:46)
at wrappers.GenericWrappers.takeSnap(GenericWrappers.java:860)
at utils.Reporter.reportStep(Reporter.java:23)
at utils.Reporter.reportStep(Reporter.java:46)
at wrappers.GenericWrappers.takeSnap(GenericWrappers.java:860)
at utils.Reporter.reportStep(Reporter.java:23)
at utils.Reporter.reportStep(Reporter.java:46)
at wrappers.GenericWrappers.takeSnap(GenericWrappers.java:860)
at utils.Reporter.reportStep(Reporter.java:23)
at utils.Reporter.reportStep(Reporter.java:46)
at wrappers.GenericWrappers.takeSnap(GenericWrappers.java:860)
at utils.Reporter.reportStep(Reporter.java:23)
at utils.Reporter.reportStep(Reporter.java:46)
at wrappers.GenericWrappers.takeSnap(GenericWrappers.java:860)
at utils.Reporter.reportStep(Reporter.java:23)
at utils.Reporter.reportStep(Reporter.java:46)
at wrappers.GenericWrappers.takeSnap(GenericWrappers.java:860)
at utils.Reporter.reportStep(Reporter.java:23)
at utils.Reporter.reportStep(Reporter.java:46)
at wrappers.GenericWrappers.takeSnap(GenericWrappers.java:860)
at utils.Reporter.reportStep(Reporter.java:23)
at utils.Reporter.reportStep(Reporter.java:46)
at wrappers.GenericWrappers.takeSnap(GenericWrappers.java:860)
at utils.Reporter.reportStep(Reporter.java:23)
at utils.Reporter.reportStep(Reporter.java:46)
at wrappers.GenericWrappers.takeSnap(GenericWrappers.java:860)
at utils.Reporter.reportStep(Reporter.java:23)
at utils.Reporter.reportStep(Reporter.java:46)
at wrappers.GenericWrappers.takeSnap(GenericWrappers.java:860)
at utils.Reporter.reportStep(Reporter.java:23)
at utils.Reporter.reportStep(Reporter.java:46)
at wrappers.GenericWrappers.takeSnap(GenericWrappers.java:860)
at utils.Reporter.reportStep(Reporter.java:23)
at utils.Reporter.reportStep(Reporter.java:46)
at wrappers.GenericWrappers.takeSnap(GenericWrappers.java:860)
at utils.Reporter.reportStep(Reporter.java:23)
at utils.Reporter.reportStep(Reporter.java:46)
at wrappers.GenericWrappers.takeSnap(GenericWrappers.java:860)
at utils.Reporter.reportStep(Reporter.java:23)
at utils.Reporter.reportStep(Reporter.java:46)
at wrappers.GenericWrappers.takeSnap(GenericWrappers.java:860)
at utils.Reporter.reportStep(Reporter.java:23)
at utils.Reporter.reportStep(Reporter.java:46)
at wrappers.GenericWrappers.takeSnap(GenericWrappers.java:860)
at utils.Reporter.reportStep(Reporter.java:23)
at utils.Reporter.reportStep(Reporter.java:46)
at wrappers.GenericWrappers.takeSnap(GenericWrappers.java:860)
at utils.Reporter.reportStep(Reporter.java:23)
at utils.Reporter.reportStep(Reporter.java:46)
at wrappers.GenericWrappers.takeSnap(GenericWrappers.java:860)
at utils.Reporter.reportStep(Reporter.java:23)
at utils.Reporter.reportStep(Reporter.java:46)
at wrappers.GenericWrappers.takeSnap(GenericWrappers.java:860)
at utils.Reporter.reportStep(Reporter.java:23)
at utils.Reporter.reportStep(Reporter.java:46)
at wrappers.GenericWrappers.takeSnap(GenericWrappers.java:860)
at utils.Reporter.reportStep(Reporter.java:23)
at utils.Reporter.reportStep(Reporter.java:46)
at wrappers.GenericWrappers.takeSnap(GenericWrappers.java:860)
at utils.Reporter.reportStep(Reporter.java:23)
at utils.Reporter.reportStep(Reporter.java:46)
at wrappers.GenericWrappers.takeSnap(GenericWrappers.java:860)
at utils.Reporter.reportStep(Reporter.java:23)
at utils.Reporter.reportStep(Reporter.java:46)
at wrappers.GenericWrappers.takeSnap(GenericWrappers.java:860)
at utils.Reporter.reportStep(Reporter.java:23)
at utils.Reporter.reportStep(Reporter.java:46)
at wrappers.GenericWrappers.takeSnap(GenericWrappers.java:860)
at utils.Reporter.reportStep(Reporter.java:23)
at utils.Reporter.reportStep(Reporter.java:46)
at wrappers.GenericWrappers.takeSnap(GenericWrappers.java:860)
at utils.Reporter.reportStep(Reporter.java:23)
at utils.Reporter.reportStep(Reporter.java:46)
at wrappers.GenericWrappers.takeSnap(GenericWrappers.java:860)
at utils.Reporter.reportStep(Reporter.java:23)
at utils.Reporter.reportStep(Reporter.java:46)
at wrappers.GenericWrappers.takeSnap(GenericWrappers.java:860)
at utils.Reporter.reportStep(Reporter.java:23)
at utils.Reporter.reportStep(Reporter.java:46)
at wrappers.GenericWrappers.takeSnap(GenericWrappers.java:860)
at utils.Reporter.reportStep(Reporter.java:23)
at utils.Reporter.reportStep(Reporter.java:46)
at wrappers.GenericWrappers.takeSnap(GenericWrappers.java:860)
at utils.Reporter.reportStep(Reporter.java:23)
at utils.Reporter.reportStep(Reporter.java:46)
at wrappers.GenericWrappers.takeSnap(GenericWrappers.java:860)
at utils.Reporter.reportStep(Reporter.java:23)
at utils.Reporter.reportStep(Reporter.java:46)
at wrappers.GenericWrappers.takeSnap(GenericWrappers.java:860)
at utils.Reporter.reportStep(Reporter.java:23)
at utils.Reporter.reportStep(Reporter.java:46)
at wrappers.GenericWrappers.takeSnap(GenericWrappers.java:860)
at utils.Reporter.reportStep(Reporter.java:23)
at utils.Reporter.reportStep(Reporter.java:46)
at wrappers.GenericWrappers.takeSnap(GenericWrappers.java:860)
at utils.Reporter.reportStep(Reporter.java:23)
at utils.Reporter.reportStep(Reporter.java:46)
at wrappers.GenericWrappers.takeSnap(GenericWrappers.java:860)
at utils.Reporter.reportStep(Reporter.java:23)
at utils.Reporter.reportStep(Reporter.java:46)
at wrappers.GenericWrappers.takeSnap(GenericWrappers.java:860)
at utils.Reporter.reportStep(Reporter.java:23)
at utils.Reporter.reportStep(Reporter.java:46)
at wrappers.GenericWrappers.takeSnap(GenericWrappers.java:860)
at utils.Reporter.reportStep(Reporter.java:23)
at utils.Reporter.reportStep(Reporter.java:46)
at wrappers.GenericWrappers.takeSnap(GenericWrappers.java:860)
at utils.Reporter.reportStep(Reporter.java:23)
at utils.Reporter.reportStep(Reporter.java:46)
at wrappers.GenericWrappers.takeSnap(GenericWrappers.java:860)
at utils.Reporter.reportStep(Reporter.java:23)
at utils.Reporter.reportStep(Reporter.java:46)
at wrappers.GenericWrappers.takeSnap(GenericWrappers.java:860)
at utils.Reporter.reportStep(Reporter.java:23)
at utils.Reporter.reportStep(Reporter.java:46)
at wrappers.GenericWrappers.takeSnap(GenericWrappers.java:860)
at utils.Reporter.reportStep(Reporter.java:23)
at utils.Reporter.reportStep(Reporter.java:46)
at wrappers.GenericWrappers.takeSnap(GenericWrappers.java:860)
at utils.Reporter.reportStep(Reporter.java:23)
at utils.Reporter.reportStep(Reporter.java:46)
at wrappers.GenericWrappers.takeSnap(GenericWrappers.java:860)
at utils.Reporter.reportStep(Reporter.java:23)
at utils.Reporter.reportStep(Reporter.java:46)
at wrappers.GenericWrappers.takeSnap(GenericWrappers.java:860)
at utils.Reporter.reportStep(Reporter.java:23)
at utils.Reporter.reportStep(Reporter.java:46)
at wrappers.GenericWrappers.takeSnap(GenericWrappers.java:860)
at utils.Reporter.reportStep(Reporter.java:23)
at utils.Reporter.reportStep(Reporter.java:46)
at wrappers.GenericWrappers.takeSnap(GenericWrappers.java:860)
at utils.Reporter.reportStep(Reporter.java:23)
at utils.Reporter.reportStep(Reporter.java:46)
at wrappers.GenericWrappers.takeSnap(GenericWrappers.java:860)
at utils.Reporter.reportStep(Reporter.java:23)
at utils.Reporter.reportStep(Reporter.java:46)
at wrappers.GenericWrappers.takeSnap(GenericWrappers.java:860)
at utils.Reporter.reportStep(Reporter.java:23)
at utils.Reporter.reportStep(Reporter.java:46)
at wrappers.GenericWrappers.takeSnap(GenericWrappers.java:860)
at utils.Reporter.reportStep(Reporter.java:23)
at utils.Reporter.reportStep(Reporter.java:46)
at wrappers.GenericWrappers.takeSnap(GenericWrappers.java:860)
at utils.Reporter.reportStep(Reporter.java:23)
at utils.Reporter.reportStep(Reporter.java:46)
at wrappers.GenericWrappers.takeSnap(GenericWrappers.java:860)
at utils.Reporter.reportStep(Reporter.java:23)
at utils.Reporter.reportStep(Reporter.java:46)
at wrappers.GenericWrappers.takeSnap(GenericWrappers.java:860)
at utils.Reporter.reportStep(Reporter.java:23)
at utils.Reporter.reportStep(Reporter.java:46)
at wrappers.GenericWrappers.takeSnap(GenericWrappers.java:860)
at utils.Reporter.reportStep(Reporter.java:23)
at utils.Reporter.reportStep(Reporter.java:46)
at wrappers.GenericWrappers.takeSnap(GenericWrappers.java:860)
at utils.Reporter.reportStep(Reporter.java:23)
at utils.Reporter.reportStep(Reporter.java:46)
at wrappers.GenericWrappers.takeSnap(GenericWrappers.java:860)
at utils.Reporter.reportStep(Reporter.java:23)
at utils.Reporter.reportStep(Reporter.java:46)
at wrappers.GenericWrappers.takeSnap(GenericWrappers.java:860)
at utils.Reporter.reportStep(Reporter.java:23)
at utils.Reporter.reportStep(Reporter.java:46)
at wrappers.GenericWrappers.takeSnap(GenericWrappers.java:860)
at utils.Reporter.reportStep(Reporter.java:23)
at utils.Reporter.reportStep(Reporter.java:46)
at wrappers.GenericWrappers.takeSnap(GenericWrappers.java:860)
at utils.Reporter.reportStep(Reporter.java:23)
at utils.Reporter.reportStep(Reporter.java:46)
at wrappers.GenericWrappers.takeSnap(GenericWrappers.java:860)
at utils.Reporter.reportStep(Reporter.java:23)
at utils.Reporter.reportStep(Reporter.java:46)
at wrappers.GenericWrappers.takeSnap(GenericWrappers.java:860)
at utils.Reporter.reportStep(Reporter.java:23)
at utils.Reporter.reportStep(Reporter.java:46)
at wrappers.GenericWrappers.takeSnap(GenericWrappers.java:860)
at utils.Reporter.reportStep(Reporter.java:23)
at utils.Reporter.reportStep(Reporter.java:46)
at wrappers.GenericWrappers.takeSnap(GenericWrappers.java:860)
at utils.Reporter.reportStep(Reporter.java:23)
at utils.Reporter.reportStep(Reporter.java:46)
at wrappers.GenericWrappers.takeSnap(GenericWrappers.java:860)
at utils.Reporter.reportStep(Reporter.java:23)
at utils.Reporter.reportStep(Reporter.java:46)
at wrappers.GenericWrappers.takeSnap(GenericWrappers.java:860)
at utils.Reporter.reportStep(Reporter.java:23)
at utils.Reporter.reportStep(Reporter.java:46)
at wrappers.GenericWrappers.takeSnap(GenericWrappers.java:860)
at utils.Reporter.reportStep(Reporter.java:23)
at utils.Reporter.reportStep(Reporter.java:46)
at wrappers.GenericWrappers.takeSnap(GenericWrappers.java:860)
at utils.Reporter.reportStep(Reporter.java:23)
at utils.Reporter.reportStep(Reporter.java:46)
at wrappers.GenericWrappers.takeSnap(GenericWrappers.java:860)
at utils.Reporter.reportStep(Reporter.java:23)
at utils.Reporter.reportStep(Reporter.java:46)
at wrappers.GenericWrappers.takeSnap(GenericWrappers.java:860)
at utils.Reporter.reportStep(Reporter.java:23)
at utils.Reporter.reportStep(Reporter.java:46)
at wrappers.GenericWrappers.takeSnap(GenericWrappers.java:860)
at utils.Reporter.reportStep(Reporter.java:23)
at utils.Reporter.reportStep(Reporter.java:46)
at wrappers.GenericWrappers.takeSnap(GenericWrappers.java:860)
at utils.Reporter.reportStep(Reporter.java:23)
at utils.Reporter.reportStep(Reporter.java:46)
at wrappers.GenericWrappers.takeSnap(GenericWrappers.java:860)
at utils.Reporter.reportStep(Reporter.java:23)
at utils.Reporter.reportStep(Reporter.java:46)
at wrappers.GenericWrappers.takeSnap(GenericWrappers.java:860)
at utils.Reporter.reportStep(Reporter.java:23)
at utils.Reporter.reportStep(Reporter.java:46)
at wrappers.GenericWrappers.takeSnap(GenericWrappers.java:860)
at utils.Reporter.reportStep(Reporter.java:23)
at utils.Reporter.reportStep(Reporter.java:46)
at wrappers.GenericWrappers.takeSnap(GenericWrappers.java:860)
at utils.Reporter.reportStep(Reporter.java:23)
at utils.Reporter.reportStep(Reporter.java:46)
at wrappers.GenericWrappers.takeSnap(GenericWrappers.java:860)
at utils.Reporter.reportStep(Reporter.java:23)
at utils.Reporter.reportStep(Reporter.java:46)
at wrappers.GenericWrappers.takeSnap(GenericWrappers.java:860)
at utils.Reporter.reportStep(Reporter.java:23)
at utils.Reporter.reportStep(Reporter.java:46)
at wrappers.GenericWrappers.takeSnap(GenericWrappers.java:860)
at utils.Reporter.reportStep(Reporter.java:23)
at utils.Reporter.reportStep(Reporter.java:46)
at wrappers.GenericWrappers.takeSnap(GenericWrappers.java:860)
at utils.Reporter.reportStep(Reporter.java:23)
at utils.Reporter.reportStep(Reporter.java:46)
at wrappers.GenericWrappers.takeSnap(GenericWrappers.java:860)
at utils.Reporter.reportStep(Reporter.java:23)
at utils.Reporter.reportStep(Reporter.java:46)
at wrappers.GenericWrappers.takeSnap(GenericWrappers.java:860)
at utils.Reporter.reportStep(Reporter.java:23)
at utils.Reporter.reportStep(Reporter.java:46)
at wrappers.GenericWrappers.takeSnap(GenericWrappers.java:860)
at utils.Reporter.reportStep(Reporter.java:23)
at utils.Reporter.reportStep(Reporter.java:46)
at wrappers.GenericWrappers.takeSnap(GenericWrappers.java:860)
at utils.Reporter.reportStep(Reporter.java:23)
at utils.Reporter.reportStep(Reporter.java:46)
at wrappers.GenericWrappers.takeSnap(GenericWrappers.java:860)
at utils.Reporter.reportStep(Reporter.java:23)
at utils.Reporter.reportStep(Reporter.java:46)
at wrappers.GenericWrappers.takeSnap(GenericWrappers.java:860)
at utils.Reporter.reportStep(Reporter.java:23)
at utils.Reporter.reportStep(Reporter.java:46)
at wrappers.GenericWrappers.takeSnap(GenericWrappers.java:860)
at utils.Reporter.reportStep(Reporter.java:23)
at utils.Reporter.reportStep(Reporter.java:46)
at wrappers.GenericWrappers.takeSnap(GenericWrappers.java:860)
at utils.Reporter.reportStep(Reporter.java:23)
at utils.Reporter.reportStep(Reporter.java:46)
at wrappers.GenericWrappers.takeSnap(GenericWrappers.java:860)
at utils.Reporter.reportStep(Reporter.java:23)
at utils.Reporter.reportStep(Reporter.java:46)
at wrappers.GenericWrappers.takeSnap(GenericWrappers.java:860)
at utils.Reporter.reportStep(Reporter.java:23)
at utils.Reporter.reportStep(Reporter.java:46)
at wrappers.GenericWrappers.takeSnap(GenericWrappers.java:860)
at utils.Reporter.reportStep(Reporter.java:23)
at utils.Reporter.reportStep(Reporter.java:46)
at wrappers.GenericWrappers.takeSnap(GenericWrappers.java:860)
at utils.Reporter.reportStep(Reporter.java:23)
at utils.Reporter.reportStep(Reporter.java:46)
at wrappers.GenericWrappers.takeSnap(GenericWrappers.java:860)
at utils.Reporter.reportStep(Reporter.java:23)
at utils.Reporter.reportStep(Reporter.java:46)
at wrappers.GenericWrappers.takeSnap(GenericWrappers.java:860)
at utils.Reporter.reportStep(Reporter.java:23)
at utils.Reporter.reportStep(Reporter.java:46)
at wrappers.GenericWrappers.takeSnap(GenericWrappers.java:860)
at utils.Reporter.reportStep(Reporter.java:23)
at utils.Reporter.reportStep(Reporter.java:46)
at wrappers.GenericWrappers.takeSnap(GenericWrappers.java:860)
at utils.Reporter.reportStep(Reporter.java:23)
at utils.Reporter.reportStep(Reporter.java:46)
at wrappers.GenericWrappers.takeSnap(GenericWrappers.java:860)
at utils.Reporter.reportStep(Reporter.java:23)
at utils.Reporter.reportStep(Reporter.java:46)
at wrappers.GenericWrappers.takeSnap(GenericWrappers.java:860)
at utils.Reporter.reportStep(Reporter.java:23)
at utils.Reporter.reportStep(Reporter.java:46)
at wrappers.GenericWrappers.takeSnap(GenericWrappers.java:860)
at utils.Reporter.reportStep(Reporter.java:23)
at utils.Reporter.reportStep(Reporter.java:46)
at wrappers.GenericWrappers.takeSnap(GenericWrappers.java:860)
at utils.Reporter.reportStep(Reporter.java:23)
at utils.Reporter.reportStep(Reporter.java:46)
at wrappers.GenericWrappers.takeSnap(GenericWrappers.java:860)
at utils.Reporter.reportStep(Reporter.java:23)
at utils.Reporter.reportStep(Reporter.java:46)
at wrappers.GenericWrappers.takeSnap(GenericWrappers.java:860)
at utils.Reporter.reportStep(Reporter.java:23)
at utils.Reporter.reportStep(Reporter.java:46)
at wrappers.GenericWrappers.takeSnap(GenericWrappers.java:860)
at utils.Reporter.reportStep(Reporter.java:23)
at utils.Reporter.reportStep(Reporter.java:46)
at wrappers.GenericWrappers.takeSnap(GenericWrappers.java:860)
at utils.Reporter.reportStep(Reporter.java:23)
at utils.Reporter.reportStep(Reporter.java:46)
at wrappers.GenericWrappers.takeSnap(GenericWrappers.java:860)
at utils.Reporter.reportStep(Reporter.java:23)
at utils.Reporter.reportStep(Reporter.java:46)
at wrappers.GenericWrappers.takeSnap(GenericWrappers.java:860)
at utils.Reporter.reportStep(Reporter.java:23)
at utils.Reporter.reportStep(Reporter.java:46)
at wrappers.GenericWrappers.takeSnap(GenericWrappers.java:860)
at utils.Reporter.reportStep(Reporter.java:23)
at utils.Reporter.reportStep(Reporter.java:46)
at wrappers.GenericWrappers.takeSnap(GenericWrappers.java:860)
at utils.Reporter.reportStep(Reporter.java:23)
at utils.Reporter.reportStep(Reporter.java:46)
at wrappers.GenericWrappers.takeSnap(GenericWrappers.java:860)
at utils.Reporter.reportStep(Reporter.java:23)
at utils.Reporter.reportStep(Reporter.java:46)
at wrappers.GenericWrappers.takeSnap(GenericWrappers.java:860)
at utils.Reporter.reportStep(Reporter.java:23)
at utils.Reporter.reportStep(Reporter.java:46)
at wrappers.GenericWrappers.takeSnap(GenericWrappers.java:860)
at utils.Reporter.reportStep(Reporter.java:23)
at utils.Reporter.reportStep(Reporter.java:46)
at wrappers.GenericWrappers.takeSnap(GenericWrappers.java:860)
at utils.Reporter.reportStep(Reporter.java:23)
at utils.Reporter.reportStep(Reporter.java:46)
at wrappers.GenericWrappers.takeSnap(GenericWrappers.java:860)
at utils.Reporter.reportStep(Reporter.java:23)
at utils.Reporter.reportStep(Reporter.java:46)
at wrappers.GenericWrappers.takeSnap(GenericWrappers.java:860)
at utils.Reporter.reportStep(Reporter.java:23)
at utils.Reporter.reportStep(Reporter.java:46)
at wrappers.GenericWrappers.takeSnap(GenericWrappers.java:860)
at utils.Reporter.reportStep(Reporter.java:23)
at utils.Reporter.reportStep(Reporter.java:46)
at wrappers.GenericWrappers.takeSnap(GenericWrappers.java:860)
at utils.Reporter.reportStep(Reporter.java:23)
at utils.Reporter.reportStep(Reporter.java:46)
at wrappers.GenericWrappers.takeSnap(GenericWrappers.java:860)
at utils.Reporter.reportStep(Reporter.java:23)
at utils.Reporter.reportStep(Reporter.java:46)
at wrappers.GenericWrappers.takeSnap(GenericWrappers.java:860)
at utils.Reporter.reportStep(Reporter.java:23)
at utils.Reporter.reportStep(Reporter.java:46)
at wrappers.GenericWrappers.takeSnap(GenericWrappers.java:860)
at utils.Reporter.reportStep(Reporter.java:23)
at utils.Reporter.reportStep(Reporter.java:46)
at wrappers.GenericWrappers.takeSnap(GenericWrappers.java:860)
at utils.Reporter.reportStep(Reporter.java:23)
at utils.Reporter.reportStep(Reporter.java:46)
at wrappers.GenericWrappers.takeSnap(GenericWrappers.java:860)
at utils.Reporter.reportStep(Reporter.java:23)
at utils.Reporter.reportStep(Reporter.java:46)
at wrappers.GenericWrappers.takeSnap(GenericWrappers.java:860)
at utils.Reporter.reportStep(Reporter.java:23)
at utils.Reporter.reportStep(Reporter.java:46)
at wrappers.GenericWrappers.takeSnap(GenericWrappers.java:860)
at utils.Reporter.reportStep(Reporter.java:23)
at utils.Reporter.reportStep(Reporter.java:46)
at wrappers.GenericWrappers.takeSnap(GenericWrappers.java:860)
at utils.Reporter.reportStep(Reporter.java:23)
at utils.Reporter.reportStep(Reporter.java:46)
at wrappers.GenericWrappers.takeSnap(GenericWrappers.java:860)
at utils.Reporter.reportStep(Reporter.java:23)
at utils.Reporter.reportStep(Reporter.java:46)
at wrappers.GenericWrappers.takeSnap(GenericWrappers.java:860)
at utils.Reporter.reportStep(Reporter.java:23)
at utils.Reporter.reportStep(Reporter.java:46)
at wrappers.GenericWrappers.takeSnap(GenericWrappers.java:860)
at utils.Reporter.reportStep(Reporter.java:23)
at utils.Reporter.reportStep(Reporter.java:46)
at wrappers.GenericWrappers.takeSnap(GenericWrappers.java:860)
at utils.Reporter.reportStep(Reporter.java:23)
at utils.Reporter.reportStep(Reporter.java:46)
at wrappers.GenericWrappers.takeSnap(GenericWrappers.java:860)
at utils.Reporter.reportStep(Reporter.java:23)
at utils.Reporter.reportStep(Reporter.java:46)
at wrappers.GenericWrappers.takeSnap(GenericWrappers.java:860)
at utils.Reporter.reportStep(Reporter.java:23)
at utils.Reporter.reportStep(Reporter.java:46)
at wrappers.GenericWrappers.takeSnap(GenericWrappers.java:860)
at utils.Reporter.reportStep(Reporter.java:23)
at utils.Reporter.reportStep(Reporter.java:46)
at wrappers.GenericWrappers.takeSnap(GenericWrappers.java:860)
at utils.Reporter.reportStep(Reporter.java:23)
at utils.Reporter.reportStep(Reporter.java:46)
at wrappers.GenericWrappers.takeSnap(GenericWrappers.java:860)
at utils.Reporter.reportStep(Reporter.java:23)
at utils.Reporter.reportStep(Reporter.java:46)
at wrappers.GenericWrappers.takeSnap(GenericWrappers.java:860)
at utils.Reporter.reportStep(Reporter.java:23)
at utils.Reporter.reportStep(Reporter.java:46)
at wrappers.GenericWrappers.takeSnap(GenericWrappers.java:860)
at utils.Reporter.reportStep(Reporter.java:23)
at utils.Reporter.reportStep(Reporter.java:46)
at wrappers.GenericWrappers.takeSnap(GenericWrappers.java:860)
at utils.Reporter.reportStep(Reporter.java:23)
at utils.Reporter.reportStep(Reporter.java:46)
at wrappers.GenericWrappers.takeSnap(GenericWrappers.java:860)
at utils.Reporter.reportStep(Reporter.java:23)
at utils.Reporter.reportStep(Reporter.java:46)
at wrappers.GenericWrappers.takeSnap(GenericWrappers.java:860)
at utils.Reporter.reportStep(Reporter.java:23)
at utils.Reporter.reportStep(Reporter.java:46)
at wrappers.GenericWrappers.takeSnap(GenericWrappers.java:860)
at utils.Reporter.reportStep(Reporter.java:23)
at utils.Reporter.reportStep(Reporter.java:46)
at wrappers.GenericWrappers.takeSnap(GenericWrappers.java:860)
at utils.Reporter.reportStep(Reporter.java:23)
at utils.Reporter.reportStep(Reporter.java:46)
at wrappers.GenericWrappers.takeSnap(GenericWrappers.java:860)
at utils.Reporter.reportStep(Reporter.java:23)
at utils.Reporter.reportStep(Reporter.java:46)
at wrappers.GenericWrappers.takeSnap(GenericWrappers.java:860)
at utils.Reporter.reportStep(Reporter.java:23)
at utils.Reporter.reportStep(Reporter.java:46)
at wrappers.GenericWrappers.takeSnap(GenericWrappers.java:860)
at utils.Reporter.reportStep(Reporter.java:23)
at utils.Reporter.reportStep(Reporter.java:46)
at wrappers.GenericWrappers.takeSnap(GenericWrappers.java:860)
at utils.Reporter.reportStep(Reporter.java:23)
at utils.Reporter.reportStep(Reporter.java:46)
at wrappers.GenericWrappers.takeSnap(GenericWrappers.java:860)
at utils.Reporter.reportStep(Reporter.java:23)
at utils.Reporter.reportStep(Reporter.java:46)
at wrappers.GenericWrappers.takeSnap(GenericWrappers.java:860)
at utils.Reporter.reportStep(Reporter.java:23)
at utils.Reporter.reportStep(Reporter.java:46)
at wrappers.GenericWrappers.takeSnap(GenericWrappers.java:860)
at utils.Reporter.reportStep(Reporter.java:23)
at utils.Reporter.reportStep(Reporter.java:46)
at wrappers.GenericWrappers.takeSnap(GenericWrappers.java:860)
at utils.Reporter.reportStep(Reporter.java:23)
at utils.Reporter.reportStep(Reporter.java:46)
at wrappers.GenericWrappers.takeSnap(GenericWrappers.java:860)
at utils.Reporter.reportStep(Reporter.java:23)
at utils.Reporter.reportStep(Reporter.java:46)
at wrappers.GenericWrappers.takeSnap(GenericWrappers.java:860)
at utils.Reporter.reportStep(Reporter.java:23)
at utils.Reporter.reportStep(Reporter.java:46)
at wrappers.GenericWrappers.takeSnap(GenericWrappers.java:860)
at utils.Reporter.reportStep(Reporter.java:23)
at utils.Reporter.reportStep(Reporter.java:46)
at wrappers.GenericWrappers.takeSnap(GenericWrappers.java:860)
at utils.Reporter.reportStep(Reporter.java:23)
at utils.Reporter.reportStep(Reporter.java:46)
at wrappers.GenericWrappers.takeSnap(GenericWrappers.java:860)
at utils.Reporter.reportStep(Reporter.java:23)
at utils.Reporter.reportStep(Reporter.java:46)
at wrappers.GenericWrappers.takeSnap(GenericWrappers.java:860)
at utils.Reporter.reportStep(Reporter.java:23)
at utils.Reporter.reportStep(Reporter.java:46)
at wrappers.GenericWrappers.takeSnap(GenericWrappers.java:860)
at utils.Reporter.reportStep(Reporter.java:23)
at utils.Reporter.reportStep(Reporter.java:46)
at wrappers.GenericWrappers.takeSnap(GenericWrappers.java:860)
at utils.Reporter.reportStep(Reporter.java:23)
at utils.Reporter.reportStep(Reporter.java:46)
at wrappers.GenericWrappers.takeSnap(GenericWrappers.java:860)
at utils.Reporter.reportStep(Reporter.java:23)
at utils.Reporter.reportStep(Reporter.java:46)
at wrappers.GenericWrappers.takeSnap(GenericWrappers.java:860)
at utils.Reporter.reportStep(Reporter.java:23)
at utils.Reporter.reportStep(Reporter.java:46)
at wrappers.GenericWrappers.takeSnap(GenericWrappers.java:860)
at utils.Reporter.reportStep(Reporter.java:23)
at utils.Reporter.reportStep(Reporter.java:46)
at wrappers.GenericWrappers.takeSnap(GenericWrappers.java:860)
at utils.Reporter.reportStep(Reporter.java:23)
at utils.Reporter.reportStep(Reporter.java:46)
at wrappers.GenericWrappers.takeSnap(GenericWrappers.java:860)
at utils.Reporter.reportStep(Reporter.java:23)
at utils.Reporter.reportStep(Reporter.java:46)
at wrappers.GenericWrappers.takeSnap(GenericWrappers.java:860)
at utils.Reporter.reportStep(Reporter.java:23)
at utils.Reporter.reportStep(Reporter.java:46)
at wrappers.GenericWrappers.takeSnap(GenericWrappers.java:860)
at utils.Reporter.reportStep(Reporter.java:23)
at utils.Reporter.reportStep(Reporter.java:46)
at wrappers.GenericWrappers.takeSnap(GenericWrappers.java:860)
at utils.Reporter.reportStep(Reporter.java:23)
at utils.Reporter.reportStep(Reporter.java:46)
at wrappers.GenericWrappers.takeSnap(GenericWrappers.java:860)
at utils.Reporter.reportStep(Reporter.java:23)
at utils.Reporter.reportStep(Reporter.java:46)
at wrappers.GenericWrappers.takeSnap(GenericWrappers.java:860)
at utils.Reporter.reportStep(Reporter.java:23)
at utils.Reporter.reportStep(Reporter.java:46)
at wrappers.GenericWrappers.takeSnap(GenericWrappers.java:860)
at utils.Reporter.reportStep(Reporter.java:23)
at utils.Reporter.reportStep(Reporter.java:46)
at wrappers.GenericWrappers.takeSnap(GenericWrappers.java:860)
at utils.Reporter.reportStep(Reporter.java:23)
at utils.Reporter.reportStep(Reporter.java:46)
at wrappers.GenericWrappers.takeSnap(GenericWrappers.java:860)
]]>
    </error>
  </testcase> <!-- afterMethod -->
  <testcase classname="testcases.TC002_Login" name="verifySignInIsDisplayed" time="4.041"/>
  <testcase classname="testcases.TC002_Login" name="verifyLoginIn" time="1.976">
    <error message="
[public void testcases.TC002_Login.verifyLoginIn(java.lang.String,java.lang.String) throws java.lang.InterruptedException] has no parameters defined but was found to be using a data provider (either explicitly specified or inherited from class level annotation).
Data provider mismatch
Method: verifyLoginIn([java.lang.String arg0, java.lang.String arg1])
Arguments: [(java.lang.String) sson@mailinator.com,(java.lang.String) Password1,(java.lang.String) Fountain Valley,(java.lang.String) 92708]" type="org.testng.internal.reflect.MethodMatcherException">
      <![CDATA[org.testng.internal.reflect.MethodMatcherException: 
[public void testcases.TC002_Login.verifyLoginIn(java.lang.String,java.lang.String) throws java.lang.InterruptedException] has no parameters defined but was found to be using a data provider (either explicitly specified or inherited from class level annotation).
Data provider mismatch
Method: verifyLoginIn([java.lang.String arg0, java.lang.String arg1])
Arguments: [(java.lang.String) sson@mailinator.com,(java.lang.String) Password1,(java.lang.String) Fountain Valley,(java.lang.String) 92708]
at org.testng.internal.reflect.DataProviderMethodMatcher.getConformingArguments(DataProviderMethodMatcher.java:46)
at org.testng.internal.Parameters.injectParameters(Parameters.java:909)
at org.testng.internal.invokers.MethodRunner.runInSequence(MethodRunner.java:37)
at org.testng.internal.invokers.TestInvoker$MethodInvocationAgent.invoke(TestInvoker.java:957)
at org.testng.internal.invokers.TestInvoker.invokeTestMethods(TestInvoker.java:200)
at org.testng.internal.invokers.TestMethodWorker.invokeTestMethods(TestMethodWorker.java:148)
at org.testng.internal.invokers.TestMethodWorker.run(TestMethodWorker.java:128)
at java.base/java.util.ArrayList.forEach(ArrayList.java:1511)
at org.testng.TestRunner.privateRun(TestRunner.java:848)
at org.testng.TestRunner.run(TestRunner.java:621)
at org.testng.SuiteRunner.runTest(SuiteRunner.java:443)
at org.testng.SuiteRunner.runSequentially(SuiteRunner.java:437)
at org.testng.SuiteRunner.privateRun(SuiteRunner.java:397)
at org.testng.SuiteRunner.run(SuiteRunner.java:336)
at org.testng.SuiteRunnerWorker.runSuite(SuiteRunnerWorker.java:52)
at org.testng.SuiteRunnerWorker.run(SuiteRunnerWorker.java:95)
at org.testng.TestNG.runSuitesSequentially(TestNG.java:1280)
at org.testng.TestNG.runSuitesLocally(TestNG.java:1200)
at org.testng.TestNG.runSuites(TestNG.java:1114)
at org.testng.TestNG.run(TestNG.java:1082)
at org.testng.remote.AbstractRemoteTestNG.run(AbstractRemoteTestNG.java:115)
at org.testng.remote.RemoteTestNG.initAndRun(RemoteTestNG.java:251)
at org.testng.remote.RemoteTestNG.main(RemoteTestNG.java:77)
]]>
    </error>
  </testcase> <!-- verifyLoginIn -->
</testsuite> <!-- testcases.TC002_Login -->
