<?xml version="1.0" encoding="UTF-8"?>
<!-- Generated by org.testng.reporters.JUnitReportReporter -->
<testsuite hostname="HAEI-GDC-025" failures="0" tests="4" name="testcases.TC007_RemoteSection" time="269.185" errors="0" timestamp="16 Jun 2023 10:05:00 GMT">
  <testcase classname="testcases.TC007_RemoteSection" name="RemoteSectionDoorUnlockRS" time="75.299"/>
  <testcase classname="testcases.TC007_RemoteSection" name="RemoteSectionClimateStart" time="67.735"/>
  <testcase classname="testcases.TC007_RemoteSection" name="RemoteSectionClimateStop" time="64.379"/>
  <testcase classname="testcases.TC007_RemoteSection" name="RemoteSectionDoorLock" time="61.772"/>
</testsuite> <!-- testcases.TC007_RemoteSection -->
