<?xml version="1.0" encoding="UTF-8"?>
<!-- Generated by org.testng.reporters.JUnitReportReporter -->
<testsuite hostname="HAEI-GDC-025" failures="1" tests="11" name="testcases.TC009_Locations" time="1013.139" errors="0" timestamp="16 Jun 2023 10:05:00 GMT">
  <testcase classname="testcases.TC009_Locations" name="LocationsDeletePOI" time="67.923"/>
  <testcase classname="testcases.TC009_Locations" name="deleteTheTags" time="65.062"/>
  <testcase classname="testcases.TC009_Locations" name="LocationsSavePOI" time="63.625"/>
  <testcase classname="testcases.TC009_Locations" name="LocationsSearchIsPresent" time="44.890"/>
  <testcase classname="testcases.TC009_Locations" name="LocationsSavePOISendToVehiclenDelete" time="99.576"/>
  <testcase classname="testcases.TC009_Locations" name="LocationsMergeTrips" time="183.489">
    <failure message="FAILED" type="java.lang.RuntimeException">
      <![CDATA[java.lang.RuntimeException: FAILED
	at utils.Reporter.reportStep(Reporter.java:36)
	at utils.Reporter.reportStep(Reporter.java:46)
	at wrappers.GenericWrappers.waitUntilElementVisisble(GenericWrappers.java:198)
	at pages.P9_Locations.mergeTrips(P9_Locations.java:136)
	at testcases.TC009_Locations.LocationsMergeTrips(TC009_Locations.java:130)
	at java.base/jdk.internal.reflect.NativeMethodAccessorImpl.invoke0(Native Method)
	at java.base/jdk.internal.reflect.NativeMethodAccessorImpl.invoke(NativeMethodAccessorImpl.java:77)
	at java.base/jdk.internal.reflect.DelegatingMethodAccessorImpl.invoke(DelegatingMethodAccessorImpl.java:43)
	at java.base/java.lang.reflect.Method.invoke(Method.java:568)
	at org.testng.internal.MethodInvocationHelper.invokeMethod(MethodInvocationHelper.java:80)
	at org.testng.internal.Invoker.invokeMethod(Invoker.java:714)
	at org.testng.internal.Invoker.invokeTestMethod(Invoker.java:901)
	at org.testng.internal.Invoker.invokeTestMethods(Invoker.java:1231)
	at org.testng.internal.TestMethodWorker.invokeTestMethods(TestMethodWorker.java:127)
	at org.testng.internal.TestMethodWorker.run(TestMethodWorker.java:111)
	at org.testng.TestRunner.privateRun(TestRunner.java:767)
	at org.testng.TestRunner.run(TestRunner.java:617)
	at org.testng.SuiteRunner.runTest(SuiteRunner.java:334)
	at org.testng.SuiteRunner.runSequentially(SuiteRunner.java:329)
	at org.testng.SuiteRunner.privateRun(SuiteRunner.java:291)
	at org.testng.SuiteRunner.run(SuiteRunner.java:240)
	at org.testng.SuiteRunnerWorker.runSuite(SuiteRunnerWorker.java:52)
	at org.testng.SuiteRunnerWorker.run(SuiteRunnerWorker.java:86)
	at org.testng.TestNG.runSuitesSequentially(TestNG.java:1198)
	at org.testng.TestNG.runSuitesLocally(TestNG.java:1123)
	at org.testng.TestNG.run(TestNG.java:1031)
	at org.testng.remote.AbstractRemoteTestNG.run(AbstractRemoteTestNG.java:115)
	at org.testng.remote.RemoteTestNG.initAndRun(RemoteTestNG.java:251)
	at org.testng.remote.RemoteTestNG.main(RemoteTestNG.java:77)
]]>
    </failure>
  </testcase> <!-- LocationsMergeTrips -->
  <testcase classname="testcases.TC009_Locations" name="LocationsAddTags" time="178.649"/>
  <testcase classname="testcases.TC009_Locations" name="LocationsUnmergeTrips" time="136.528"/>
  <testcase classname="testcases.TC009_Locations" name="LocationsVehicleCurrentLocation" time="43.901"/>
  <testcase classname="testcases.TC009_Locations" name="deleteTheTagsForMergedTrip" time="61.280"/>
  <testcase classname="testcases.TC009_Locations" name="LocationsAddTagsForMergedTrips" time="68.216"/>
</testsuite> <!-- testcases.TC009_Locations -->
