<?xml version="1.0" encoding="UTF-8"?>
<!-- Generated by org.testng.reporters.JUnitReportReporter -->
<testsuite hostname="HAEI-GDC-025" failures="0" tests="1" name="testcases.TC013_AdditionalDrivers" time="44.774" errors="0" timestamp="16 Jun 2023 11:33:55 GMT">
  <testcase classname="testcases.TC013_AdditionalDrivers" name="deleteTheVehicleFromSecondaryDriverAccount" time="44.774"/>
</testsuite> <!-- testcases.TC013_AdditionalDrivers -->
