<?xml version="1.0" encoding="UTF-8"?>
<!-- Generated by org.testng.reporters.JUnitReportReporter -->
<testsuite hostname="HAEI-GDC-025" failures="0" tests="9" name="testcases.TC000_Settings" time="349.196" errors="0" timestamp="16 Jun 2023 10:05:00 GMT">
  <testcase classname="testcases.TC000_Settings" name="settingsChangePassword" time="39.699"/>
  <testcase classname="testcases.TC000_Settings" name="settingsCPEnableToggle" time="35.870"/>
  <testcase classname="testcases.TC000_Settings" name="personalDetails" time="34.986"/>
  <testcase classname="testcases.TC000_Settings" name="settingsUpdatePINWithPassword" time="40.258"/>
  <testcase classname="testcases.TC000_Settings" name="settingsKiaConnectNotificationAlertsTurnOn" time="47.979"/>
  <testcase classname="testcases.TC000_Settings" name="phoneNumberVerified" time="26.864"/>
  <testcase classname="testcases.TC000_Settings" name="settingsCPTurnOffToggle" time="35.847"/>
  <testcase classname="testcases.TC000_Settings" name="settingsUpdatePIN" time="41.743"/>
  <testcase classname="testcases.TC000_Settings" name="settingsKiaConnectNotificationAlertsTurnOff" time="45.950"/>
</testsuite> <!-- testcases.TC000_Settings -->
