<?xml version="1.0" encoding="UTF-8"?>
<!-- Generated by org.testng.reporters.JUnitReportReporter -->
<testsuite hostname="HAEI-GDC-025" failures="0" tests="3" name="testcases.TC001_CreateAccount" time="42.052" errors="0" timestamp="16 Jun 2023 10:05:00 GMT">
  <testcase classname="testcases.TC001_CreateAccount" name="clickPrivacyPolicyLink" time="14.932"/>
  <testcase classname="testcases.TC001_CreateAccount" name="clickTermsOfServiceLink" time="17.154"/>
  <testcase classname="testcases.TC001_CreateAccount" name="verifyCreateAccount" time="9.966"/>
</testsuite> <!-- testcases.TC001_CreateAccount -->
