<?xml version="1.0" encoding="UTF-8"?>
<!-- Generated by org.testng.reporters.JUnitReportReporter -->
<testsuite hostname="HAEI-GDC-025" failures="0" tests="5" name="testcases.TC010_Maintenance" time="335.219" errors="0" timestamp="16 Jun 2023 10:05:00 GMT">
  <testcase classname="testcases.TC010_Maintenance" name="incompleteMilestone" time="69.289"/>
  <testcase classname="testcases.TC010_Maintenance" name="updateAdealer" time="69.927"/>
  <testcase classname="testcases.TC010_Maintenance" name="updateMilestone" time="66.765"/>
  <testcase classname="testcases.TC010_Maintenance" name="chooseAdealer" time="67.433"/>
  <testcase classname="testcases.TC010_Maintenance" name="completeMilestone" time="61.805"/>
</testsuite> <!-- testcases.TC010_Maintenance -->
